{"/home/travis/build/npmtest/node-npmtest-swagger-tools/test.js":{"path":"/home/travis/build/npmtest/node-npmtest-swagger-tools/test.js","s":{"1":2,"2":2,"3":2,"4":2,"5":2,"6":2,"7":2,"8":1,"9":2,"10":2,"11":1,"12":1,"13":1,"14":1,"15":2,"16":2,"17":2,"18":2,"19":1,"20":1,"21":2,"22":2,"23":2,"24":1,"25":1,"26":1,"27":1,"28":1,"29":1,"30":1,"31":1,"32":1,"33":1,"34":1,"35":1,"36":1,"37":1,"38":1,"39":2,"40":2,"41":1,"42":2,"43":2,"44":1,"45":2,"46":2,"47":1,"48":2,"49":2,"50":1,"51":1,"52":1,"53":1,"54":1},"b":{"1":[2,1,1,1],"2":[1,1,1,1],"3":[1,1],"4":[1,1],"5":[1,1],"6":[1,1],"7":[1,1],"8":[1,1],"9":[1,1],"10":[1,1,1],"11":[1,1],"12":[1,1],"13":[1,1],"14":[1,1],"15":[1,1],"16":[1,1],"17":[1,1]},"f":{"1":2,"2":2,"3":2,"4":2,"5":2,"6":1,"7":1,"8":1,"9":2,"10":2,"11":2,"12":2,"13":1},"fnMap":{"1":{"name":"(anonymous_1)","line":12,"loc":{"start":{"line":12,"column":1},"end":{"line":12,"column":13}}},"2":{"name":"(anonymous_2)","line":19,"loc":{"start":{"line":19,"column":5},"end":{"line":19,"column":17}}},"3":{"name":"(anonymous_3)","line":23,"loc":{"start":{"line":23,"column":24},"end":{"line":23,"column":36}}},"4":{"name":"(anonymous_4)","line":61,"loc":{"start":{"line":61,"column":5},"end":{"line":61,"column":17}}},"5":{"name":"(anonymous_5)","line":82,"loc":{"start":{"line":82,"column":5},"end":{"line":82,"column":17}}},"6":{"name":"(anonymous_6)","line":91,"loc":{"start":{"line":91,"column":77},"end":{"line":94,"column":10}}},"7":{"name":"(anonymous_7)","line":112,"loc":{"start":{"line":112,"column":83},"end":{"line":115,"column":10}},"skip":true},"8":{"name":"(anonymous_8)","line":123,"loc":{"start":{"line":123,"column":77},"end":{"line":126,"column":10}},"skip":true},"9":{"name":"(anonymous_9)","line":139,"loc":{"start":{"line":139,"column":12},"end":{"line":139,"column":40}},"skip":true},"10":{"name":"(anonymous_10)","line":147,"loc":{"start":{"line":147,"column":77},"end":{"line":150,"column":10}},"skip":true},"11":{"name":"(anonymous_11)","line":158,"loc":{"start":{"line":158,"column":83},"end":{"line":161,"column":10}},"skip":true},"12":{"name":"(anonymous_12)","line":169,"loc":{"start":{"line":169,"column":79},"end":{"line":172,"column":10}},"skip":true},"13":{"name":"(anonymous_13)","line":180,"loc":{"start":{"line":180,"column":75},"end":{"line":183,"column":10}},"skip":true}},"statementMap":{"1":{"start":{"line":12,"column":0},"end":{"line":195,"column":5}},"2":{"start":{"line":14,"column":4},"end":{"line":14,"column":14}},"3":{"start":{"line":19,"column":4},"end":{"line":56,"column":9}},"4":{"start":{"line":21,"column":8},"end":{"line":21,"column":19}},"5":{"start":{"line":23,"column":8},"end":{"line":35,"column":13}},"6":{"start":{"line":24,"column":12},"end":{"line":34,"column":13}},"7":{"start":{"line":25,"column":16},"end":{"line":28,"column":30}},"8":{"start":{"line":30,"column":16},"end":{"line":33,"column":27}},"9":{"start":{"line":37,"column":8},"end":{"line":39,"column":21}},"10":{"start":{"line":40,"column":8},"end":{"line":53,"column":9}},"11":{"start":{"line":43,"column":12},"end":{"line":46,"column":14}},"12":{"start":{"line":47,"column":12},"end":{"line":47,"column":18}},"13":{"start":{"line":50,"column":12},"end":{"line":51,"column":46}},"14":{"start":{"line":52,"column":12},"end":{"line":52,"column":18}},"15":{"start":{"line":55,"column":8},"end":{"line":55,"column":35}},"16":{"start":{"line":61,"column":4},"end":{"line":63,"column":9}},"17":{"start":{"line":62,"column":8},"end":{"line":62,"column":15}},"18":{"start":{"line":64,"column":4},"end":{"line":77,"column":5}},"19":{"start":{"line":70,"column":8},"end":{"line":70,"column":14}},"20":{"start":{"line":76,"column":8},"end":{"line":76,"column":14}},"21":{"start":{"line":82,"column":4},"end":{"line":84,"column":9}},"22":{"start":{"line":83,"column":8},"end":{"line":83,"column":15}},"23":{"start":{"line":85,"column":4},"end":{"line":194,"column":5}},"24":{"start":{"line":91,"column":8},"end":{"line":99,"column":10}},"25":{"start":{"line":98,"column":12},"end":{"line":98,"column":35}},"26":{"start":{"line":102,"column":8},"end":{"line":104,"column":63}},"27":{"start":{"line":105,"column":8},"end":{"line":105,"column":14}},"28":{"start":{"line":112,"column":8},"end":{"line":121,"column":10},"skip":true},"29":{"start":{"line":119,"column":12},"end":{"line":119,"column":55},"skip":true},"30":{"start":{"line":120,"column":12},"end":{"line":120,"column":48},"skip":true},"31":{"start":{"line":123,"column":8},"end":{"line":136,"column":10},"skip":true},"32":{"start":{"line":130,"column":12},"end":{"line":130,"column":76},"skip":true},"33":{"start":{"line":131,"column":12},"end":{"line":131,"column":73},"skip":true},"34":{"start":{"line":132,"column":12},"end":{"line":132,"column":74},"skip":true},"35":{"start":{"line":133,"column":12},"end":{"line":133,"column":79},"skip":true},"36":{"start":{"line":134,"column":12},"end":{"line":134,"column":25},"skip":true},"37":{"start":{"line":135,"column":12},"end":{"line":135,"column":45},"skip":true},"38":{"start":{"line":138,"column":8},"end":{"line":145,"column":14},"skip":true},"39":{"start":{"line":143,"column":16},"end":{"line":143,"column":29},"skip":true},"40":{"start":{"line":144,"column":16},"end":{"line":144,"column":55},"skip":true},"41":{"start":{"line":147,"column":8},"end":{"line":156,"column":10},"skip":true},"42":{"start":{"line":154,"column":12},"end":{"line":154,"column":25},"skip":true},"43":{"start":{"line":155,"column":12},"end":{"line":155,"column":45},"skip":true},"44":{"start":{"line":158,"column":8},"end":{"line":167,"column":10},"skip":true},"45":{"start":{"line":165,"column":12},"end":{"line":165,"column":25},"skip":true},"46":{"start":{"line":166,"column":12},"end":{"line":166,"column":48},"skip":true},"47":{"start":{"line":169,"column":8},"end":{"line":178,"column":10},"skip":true},"48":{"start":{"line":176,"column":12},"end":{"line":176,"column":25},"skip":true},"49":{"start":{"line":177,"column":12},"end":{"line":177,"column":46},"skip":true},"50":{"start":{"line":180,"column":8},"end":{"line":189,"column":10},"skip":true},"51":{"start":{"line":187,"column":12},"end":{"line":187,"column":94},"skip":true},"52":{"start":{"line":188,"column":12},"end":{"line":188,"column":48},"skip":true},"53":{"start":{"line":192,"column":8},"end":{"line":192,"column":35},"skip":true},"54":{"start":{"line":193,"column":8},"end":{"line":193,"column":14},"skip":true}},"branchMap":{"1":{"line":25,"type":"binary-expr","locations":[{"start":{"line":25,"column":23},"end":{"line":25,"column":62}},{"start":{"line":26,"column":20},"end":{"line":26,"column":70}},{"start":{"line":27,"column":20},"end":{"line":27,"column":71}},{"start":{"line":28,"column":20},"end":{"line":28,"column":29}}]},"2":{"line":30,"type":"binary-expr","locations":[{"start":{"line":30,"column":23},"end":{"line":30,"column":37}},{"start":{"line":31,"column":20},"end":{"line":31,"column":61}},{"start":{"line":32,"column":20},"end":{"line":32,"column":70}},{"start":{"line":33,"column":20},"end":{"line":33,"column":26}}]},"3":{"line":37,"type":"cond-expr","locations":[{"start":{"line":38,"column":14},"end":{"line":38,"column":20}},{"start":{"line":39,"column":14},"end":{"line":39,"column":20}}]},"4":{"line":40,"type":"switch","locations":[{"start":{"line":42,"column":8},"end":{"line":47,"column":18}},{"start":{"line":49,"column":8},"end":{"line":52,"column":18}}]},"5":{"line":44,"type":"binary-expr","locations":[{"start":{"line":44,"column":16},"end":{"line":44,"column":44}},{"start":{"line":44,"column":48},"end":{"line":44,"column":66}}]},"6":{"line":50,"type":"binary-expr","locations":[{"start":{"line":50,"column":21},"end":{"line":50,"column":49}},{"start":{"line":50,"column":53},"end":{"line":50,"column":72}}]},"7":{"line":64,"type":"switch","locations":[{"start":{"line":69,"column":4},"end":{"line":70,"column":14}},{"start":{"line":75,"column":4},"end":{"line":76,"column":14}}]},"8":{"line":85,"type":"switch","locations":[{"start":{"line":90,"column":4},"end":{"line":105,"column":14}},{"start":{"line":111,"column":4},"end":{"line":193,"column":14},"skip":true}]},"9":{"line":91,"type":"binary-expr","locations":[{"start":{"line":91,"column":42},"end":{"line":91,"column":73}},{"start":{"line":91,"column":77},"end":{"line":99,"column":9}}]},"10":{"line":102,"type":"binary-expr","locations":[{"start":{"line":102,"column":18},"end":{"line":102,"column":32}},{"start":{"line":103,"column":12},"end":{"line":103,"column":53}},{"start":{"line":104,"column":12},"end":{"line":104,"column":61}}]},"11":{"line":112,"type":"binary-expr","locations":[{"start":{"line":112,"column":45},"end":{"line":112,"column":79},"skip":true},{"start":{"line":112,"column":83},"end":{"line":121,"column":9},"skip":true}]},"12":{"line":123,"type":"binary-expr","locations":[{"start":{"line":123,"column":42},"end":{"line":123,"column":73},"skip":true},{"start":{"line":123,"column":77},"end":{"line":136,"column":9},"skip":true}]},"13":{"line":138,"type":"binary-expr","locations":[{"start":{"line":138,"column":48},"end":{"line":138,"column":85},"skip":true},{"start":{"line":139,"column":12},"end":{"line":145,"column":13},"skip":true}]},"14":{"line":147,"type":"binary-expr","locations":[{"start":{"line":147,"column":42},"end":{"line":147,"column":73},"skip":true},{"start":{"line":147,"column":77},"end":{"line":156,"column":9},"skip":true}]},"15":{"line":158,"type":"binary-expr","locations":[{"start":{"line":158,"column":45},"end":{"line":158,"column":79},"skip":true},{"start":{"line":158,"column":83},"end":{"line":167,"column":9},"skip":true}]},"16":{"line":169,"type":"binary-expr","locations":[{"start":{"line":169,"column":43},"end":{"line":169,"column":75},"skip":true},{"start":{"line":169,"column":79},"end":{"line":178,"column":9},"skip":true}]},"17":{"line":180,"type":"binary-expr","locations":[{"start":{"line":180,"column":41},"end":{"line":180,"column":71},"skip":true},{"start":{"line":180,"column":75},"end":{"line":189,"column":9},"skip":true}]}},"code":["/* istanbul instrument in package npmtest_swagger_tools */","/*jslint","    bitwise: true,","    browser: true,","    maxerr: 8,","    maxlen: 96,","    node: true,","    nomen: true,","    regexp: true,","    stupid: true","*/","(function () {","    'use strict';","    var local;","","","","    // run shared js-env code - pre-init","    (function () {","        // init local","        local = {};","        // init modeJs","        local.modeJs = (function () {","            try {","                return typeof navigator.userAgent === 'string' &&","                    typeof document.querySelector('body') === 'object' &&","                    typeof XMLHttpRequest.prototype.open === 'function' &&","                    'browser';","            } catch (errorCaughtBrowser) {","                return module.exports &&","                    typeof process.versions.node === 'string' &&","                    typeof require('http').createServer === 'function' &&","                    'node';","            }","        }());","        // init global","        local.global = local.modeJs === 'browser'","            ? window","            : global;","        switch (local.modeJs) {","        // re-init local from window.local","        case 'browser':","            local = local.global.utility2.objectSetDefault(","                local.global.utility2_rollup || local.global.local,","                local.global.utility2","            );","            break;","        // re-init local from example.js","        case 'node':","            local = (local.global.utility2_rollup || require('utility2'))","                .requireExampleJsFromReadme();","            break;","        }","        // export local","        local.global.local = local;","    }());","","","","    // run shared js-env code - function","    (function () {","        return;","    }());","    switch (local.modeJs) {","","","","    // run browser js-env code - function","    case 'browser':","        break;","","","","    // run node js-env code - function","    case 'node':","        break;","    }","","","","    // run shared js-env code - post-init","    (function () {","        return;","    }());","    switch (local.modeJs) {","","","","    // run browser js-env code - post-init","    case 'browser':","        local.testCase_browser_nullCase = local.testCase_browser_nullCase || function (","            options,","            onError","        ) {","        /*","         * this function will test browsers's null-case handling-behavior-behavior","         */","            onError(null, options);","        };","","        // run tests","        local.nop(local.modeTest &&","            document.querySelector('#testRunButton1') &&","            document.querySelector('#testRunButton1').click());","        break;","","","","    // run node js-env code - post-init","    /* istanbul ignore next */","    case 'node':","        local.testCase_buildApidoc_default = local.testCase_buildApidoc_default || function (","            options,","            onError","        ) {","        /*","         * this function will test buildApidoc's default handling-behavior-behavior","         */","            options = { modulePathList: module.paths };","            local.buildApidoc(options, onError);","        };","","        local.testCase_buildApp_default = local.testCase_buildApp_default || function (","            options,","            onError","        ) {","        /*","         * this function will test buildApp's default handling-behavior-behavior","         */","            local.testCase_buildReadme_default(options, local.onErrorThrow);","            local.testCase_buildLib_default(options, local.onErrorThrow);","            local.testCase_buildTest_default(options, local.onErrorThrow);","            local.testCase_buildCustomOrg_default(options, local.onErrorThrow);","            options = [];","            local.buildApp(options, onError);","        };","","        local.testCase_buildCustomOrg_default = local.testCase_buildCustomOrg_default ||","            function (options, onError) {","            /*","             * this function will test buildCustomOrg's default handling-behavior","             */","                options = {};","                local.buildCustomOrg(options, onError);","            };","","        local.testCase_buildLib_default = local.testCase_buildLib_default || function (","            options,","            onError","        ) {","        /*","         * this function will test buildLib's default handling-behavior","         */","            options = {};","            local.buildLib(options, onError);","        };","","        local.testCase_buildReadme_default = local.testCase_buildReadme_default || function (","            options,","            onError","        ) {","        /*","         * this function will test buildReadme's default handling-behavior-behavior","         */","            options = {};","            local.buildReadme(options, onError);","        };","","        local.testCase_buildTest_default = local.testCase_buildTest_default || function (","            options,","            onError","        ) {","        /*","         * this function will test buildTest's default handling-behavior","         */","            options = {};","            local.buildTest(options, onError);","        };","","        local.testCase_webpage_default = local.testCase_webpage_default || function (","            options,","            onError","        ) {","        /*","         * this function will test webpage's default handling-behavior","         */","            options = { modeCoverageMerge: true, url: local.serverLocalHost + '?modeTest=1' };","            local.browserTest(options, onError);","        };","","        // run test-server","        local.testRunServer(local);","        break;","    }","}());",""],"l":{"12":2,"14":2,"19":2,"21":2,"23":2,"24":2,"25":2,"30":1,"37":2,"40":2,"43":1,"47":1,"50":1,"52":1,"55":2,"61":2,"62":2,"64":2,"70":1,"76":1,"82":2,"83":2,"85":2,"91":1,"98":1,"102":1,"105":1,"112":1,"119":1,"120":1,"123":1,"130":1,"131":1,"132":1,"133":1,"134":1,"135":1,"138":1,"143":2,"144":2,"147":1,"154":2,"155":2,"158":1,"165":2,"166":2,"169":1,"176":2,"177":2,"180":1,"187":1,"188":1,"192":1,"193":1}},"/home/travis/build/npmtest/node-npmtest-swagger-tools/lib.npmtest_swagger_tools.js":{"path":"/home/travis/build/npmtest/node-npmtest-swagger-tools/lib.npmtest_swagger_tools.js","s":{"1":2,"2":2,"3":2,"4":2,"5":2,"6":2,"7":2,"8":1,"9":2,"10":2,"11":2,"12":2,"13":1,"14":1,"15":1,"16":1},"b":{"1":[2,1,1,1],"2":[1,1,1,1],"3":[1,1],"4":[2,2],"5":[1,1]},"f":{"1":2,"2":2,"3":2},"fnMap":{"1":{"name":"(anonymous_1)","line":12,"loc":{"start":{"line":12,"column":1},"end":{"line":12,"column":13}}},"2":{"name":"(anonymous_2)","line":19,"loc":{"start":{"line":19,"column":5},"end":{"line":19,"column":17}}},"3":{"name":"(anonymous_3)","line":23,"loc":{"start":{"line":23,"column":24},"end":{"line":23,"column":36}}}},"statementMap":{"1":{"start":{"line":12,"column":0},"end":{"line":53,"column":5}},"2":{"start":{"line":14,"column":4},"end":{"line":14,"column":14}},"3":{"start":{"line":19,"column":4},"end":{"line":52,"column":9}},"4":{"start":{"line":21,"column":8},"end":{"line":21,"column":19}},"5":{"start":{"line":23,"column":8},"end":{"line":35,"column":13}},"6":{"start":{"line":24,"column":12},"end":{"line":34,"column":13}},"7":{"start":{"line":25,"column":16},"end":{"line":28,"column":30}},"8":{"start":{"line":30,"column":16},"end":{"line":33,"column":27}},"9":{"start":{"line":37,"column":8},"end":{"line":39,"column":21}},"10":{"start":{"line":41,"column":8},"end":{"line":41,"column":54}},"11":{"start":{"line":43,"column":8},"end":{"line":43,"column":58}},"12":{"start":{"line":45,"column":8},"end":{"line":51,"column":9}},"13":{"start":{"line":46,"column":12},"end":{"line":46,"column":64}},"14":{"start":{"line":48,"column":12},"end":{"line":48,"column":35}},"15":{"start":{"line":49,"column":12},"end":{"line":49,"column":49}},"16":{"start":{"line":50,"column":12},"end":{"line":50,"column":43}}},"branchMap":{"1":{"line":25,"type":"binary-expr","locations":[{"start":{"line":25,"column":23},"end":{"line":25,"column":62}},{"start":{"line":26,"column":20},"end":{"line":26,"column":70}},{"start":{"line":27,"column":20},"end":{"line":27,"column":71}},{"start":{"line":28,"column":20},"end":{"line":28,"column":29}}]},"2":{"line":30,"type":"binary-expr","locations":[{"start":{"line":30,"column":23},"end":{"line":30,"column":37}},{"start":{"line":31,"column":20},"end":{"line":31,"column":61}},{"start":{"line":32,"column":20},"end":{"line":32,"column":70}},{"start":{"line":33,"column":20},"end":{"line":33,"column":26}}]},"3":{"line":37,"type":"cond-expr","locations":[{"start":{"line":38,"column":14},"end":{"line":38,"column":20}},{"start":{"line":39,"column":14},"end":{"line":39,"column":20}}]},"4":{"line":41,"type":"binary-expr","locations":[{"start":{"line":41,"column":16},"end":{"line":41,"column":44}},{"start":{"line":41,"column":48},"end":{"line":41,"column":53}}]},"5":{"line":45,"type":"if","locations":[{"start":{"line":45,"column":8},"end":{"line":45,"column":8}},{"start":{"line":45,"column":8},"end":{"line":45,"column":8}}]}},"code":["/* istanbul instrument in package npmtest_swagger_tools */","/*jslint","    bitwise: true,","    browser: true,","    maxerr: 8,","    maxlen: 96,","    node: true,","    nomen: true,","    regexp: true,","    stupid: true","*/","(function () {","    'use strict';","    var local;","","","","    // run shared js-env code - pre-init","    (function () {","        // init local","        local = {};","        // init modeJs","        local.modeJs = (function () {","            try {","                return typeof navigator.userAgent === 'string' &&","                    typeof document.querySelector('body') === 'object' &&","                    typeof XMLHttpRequest.prototype.open === 'function' &&","                    'browser';","            } catch (errorCaughtBrowser) {","                return module.exports &&","                    typeof process.versions.node === 'string' &&","                    typeof require('http').createServer === 'function' &&","                    'node';","            }","        }());","        // init global","        local.global = local.modeJs === 'browser'","            ? window","            : global;","        // init utility2_rollup","        local = local.global.utility2_rollup || local;","        // init lib","        local.local = local.npmtest_swagger_tools = local;","        // init exports","        if (local.modeJs === 'browser') {","            local.global.utility2_npmtest_swagger_tools = local;","        } else {","            module.exports = local;","            module.exports.__dirname = __dirname;","            module.exports.module = module;","        }","    }());","}());",""],"l":{"12":2,"14":2,"19":2,"21":2,"23":2,"24":2,"25":2,"30":1,"37":2,"41":2,"43":2,"45":2,"46":1,"48":1,"49":1,"50":1}},"/home/travis/build/npmtest/node-npmtest-swagger-tools/example.js":{"path":"/home/travis/build/npmtest/node-npmtest-swagger-tools/example.js","s":{"1":2,"2":2,"3":2,"4":2,"5":2,"6":2,"7":2,"8":1,"9":2,"10":2,"11":2,"12":2,"13":1,"14":2,"15":2,"16":2,"17":2,"18":2,"19":0,"20":2,"21":1,"22":1,"23":1,"24":1,"25":1,"26":0,"27":0,"28":1,"29":1,"30":2,"31":0,"32":0,"33":0,"34":1,"35":2,"36":2,"37":3,"38":3,"39":3,"40":3,"41":0,"42":3,"43":3,"44":3,"45":1,"46":3,"47":1,"48":1,"49":1,"50":1,"51":1,"52":1,"53":1,"54":1,"55":1,"56":1,"57":0,"58":1,"59":6,"60":6,"61":1,"62":2,"63":0,"64":2,"65":1,"66":1,"67":0,"68":0,"69":0,"70":0,"71":0,"72":0,"73":0,"74":0,"75":0,"76":0,"77":0,"78":0,"79":0,"80":0,"81":0,"82":0,"83":0},"b":{"1":[2,1,1,1],"2":[1,1,1,1],"3":[1,1],"4":[2,2],"5":[1,1],"6":[1,1],"7":[2,0],"8":[2,1,1,1,1,1],"9":[0,2,0],"10":[1,1],"11":[2,1,1],"12":[1,0],"13":[0,2],"14":[2,0,0,0,0,0,0],"15":[0,3],"16":[3,0],"17":[1,1],"18":[0,1],"19":[1,2,0,2],"20":[1,0],"21":[1,1],"22":[0,0],"23":[0,0],"24":[0,0],"25":[0,0],"26":[0,0],"27":[0,0],"28":[0,0]},"f":{"1":2,"2":2,"3":2,"4":2,"5":2,"6":2,"7":3,"8":3,"9":3,"10":1,"11":6,"12":0},"fnMap":{"1":{"name":"(anonymous_1)","line":26,"loc":{"start":{"line":26,"column":1},"end":{"line":26,"column":13}}},"2":{"name":"(anonymous_2)","line":33,"loc":{"start":{"line":33,"column":5},"end":{"line":33,"column":17}}},"3":{"name":"(anonymous_3)","line":37,"loc":{"start":{"line":37,"column":24},"end":{"line":37,"column":36}}},"4":{"name":"(anonymous_4)","line":69,"loc":{"start":{"line":69,"column":31},"end":{"line":69,"column":48}},"skip":true},"5":{"name":"(anonymous_5)","line":78,"loc":{"start":{"line":78,"column":26},"end":{"line":78,"column":45}},"skip":true},"6":{"name":"(anonymous_6)","line":123,"loc":{"start":{"line":123,"column":33},"end":{"line":123,"column":48}},"skip":true},"7":{"name":"(anonymous_7)","line":125,"loc":{"start":{"line":125,"column":27},"end":{"line":125,"column":39}},"skip":true},"8":{"name":"(anonymous_8)","line":133,"loc":{"start":{"line":133,"column":59},"end":{"line":133,"column":74}},"skip":true},"9":{"name":"(anonymous_9)","line":143,"loc":{"start":{"line":143,"column":45},"end":{"line":143,"column":62}},"skip":true},"10":{"name":"(anonymous_10)","line":144,"loc":{"start":{"line":144,"column":73},"end":{"line":144,"column":92}},"skip":true},"11":{"name":"(anonymous_11)","line":272,"loc":{"start":{"line":272,"column":51},"end":{"line":272,"column":77}},"skip":true},"12":{"name":"(anonymous_12)","line":315,"loc":{"start":{"line":315,"column":32},"end":{"line":315,"column":61}},"skip":true}},"statementMap":{"1":{"start":{"line":26,"column":0},"end":{"line":326,"column":5}},"2":{"start":{"line":28,"column":4},"end":{"line":28,"column":14}},"3":{"start":{"line":33,"column":4},"end":{"line":60,"column":9}},"4":{"start":{"line":35,"column":8},"end":{"line":35,"column":19}},"5":{"start":{"line":37,"column":8},"end":{"line":49,"column":13}},"6":{"start":{"line":38,"column":12},"end":{"line":48,"column":13}},"7":{"start":{"line":39,"column":16},"end":{"line":42,"column":30}},"8":{"start":{"line":44,"column":16},"end":{"line":47,"column":27}},"9":{"start":{"line":51,"column":8},"end":{"line":53,"column":21}},"10":{"start":{"line":55,"column":8},"end":{"line":57,"column":45}},"11":{"start":{"line":59,"column":8},"end":{"line":59,"column":35}},"12":{"start":{"line":61,"column":4},"end":{"line":325,"column":5}},"13":{"start":{"line":69,"column":8},"end":{"line":121,"column":10},"skip":true},"14":{"start":{"line":70,"column":12},"end":{"line":88,"column":13},"skip":true},"15":{"start":{"line":76,"column":16},"end":{"line":87,"column":19},"skip":true},"16":{"start":{"line":79,"column":20},"end":{"line":86,"column":21},"skip":true},"17":{"start":{"line":82,"column":24},"end":{"line":82,"column":43},"skip":true},"18":{"start":{"line":83,"column":24},"end":{"line":83,"column":30},"skip":true},"19":{"start":{"line":85,"column":24},"end":{"line":85,"column":49},"skip":true},"20":{"start":{"line":89,"column":12},"end":{"line":107,"column":13},"skip":true},"21":{"start":{"line":92,"column":16},"end":{"line":102,"column":17},"skip":true},"22":{"start":{"line":93,"column":20},"end":{"line":93,"column":86},"skip":true},"23":{"start":{"line":94,"column":20},"end":{"line":95,"column":45},"skip":true},"24":{"start":{"line":96,"column":20},"end":{"line":96,"column":42},"skip":true},"25":{"start":{"line":97,"column":20},"end":{"line":97,"column":48},"skip":true},"26":{"start":{"line":100,"column":20},"end":{"line":100,"column":85},"skip":true},"27":{"start":{"line":101,"column":20},"end":{"line":101,"column":96},"skip":true},"28":{"start":{"line":103,"column":16},"end":{"line":103,"column":22},"skip":true},"29":{"start":{"line":106,"column":16},"end":{"line":106,"column":22},"skip":true},"30":{"start":{"line":108,"column":12},"end":{"line":120,"column":13},"skip":true},"31":{"start":{"line":114,"column":16},"end":{"line":119,"column":17},"skip":true},"32":{"start":{"line":116,"column":20},"end":{"line":116,"column":78},"skip":true},"33":{"start":{"line":118,"column":20},"end":{"line":118,"column":47},"skip":true},"34":{"start":{"line":123,"column":8},"end":{"line":141,"column":11},"skip":true},"35":{"start":{"line":124,"column":12},"end":{"line":124,"column":54},"skip":true},"36":{"start":{"line":125,"column":12},"end":{"line":140,"column":14},"skip":true},"37":{"start":{"line":126,"column":16},"end":{"line":126,"column":28},"skip":true},"38":{"start":{"line":127,"column":16},"end":{"line":127,"column":69},"skip":true},"39":{"start":{"line":128,"column":16},"end":{"line":128,"column":75},"skip":true},"40":{"start":{"line":129,"column":16},"end":{"line":131,"column":17},"skip":true},"41":{"start":{"line":130,"column":20},"end":{"line":130,"column":27},"skip":true},"42":{"start":{"line":133,"column":16},"end":{"line":137,"column":36},"skip":true},"43":{"start":{"line":134,"column":20},"end":{"line":136,"column":55},"skip":true},"44":{"start":{"line":139,"column":16},"end":{"line":139,"column":57},"skip":true},"45":{"start":{"line":143,"column":8},"end":{"line":147,"column":11},"skip":true},"46":{"start":{"line":144,"column":12},"end":{"line":146,"column":15},"skip":true},"47":{"start":{"line":145,"column":16},"end":{"line":145,"column":70},"skip":true},"48":{"start":{"line":149,"column":8},"end":{"line":149,"column":31},"skip":true},"49":{"start":{"line":150,"column":8},"end":{"line":150,"column":14},"skip":true},"50":{"start":{"line":158,"column":8},"end":{"line":158,"column":31},"skip":true},"51":{"start":{"line":160,"column":8},"end":{"line":160,"column":33},"skip":true},"52":{"start":{"line":161,"column":8},"end":{"line":161,"column":37},"skip":true},"53":{"start":{"line":162,"column":8},"end":{"line":162,"column":35},"skip":true},"54":{"start":{"line":164,"column":8},"end":{"line":164,"column":50},"skip":true},"55":{"start":{"line":166,"column":8},"end":{"line":256,"column":2},"skip":true},"56":{"start":{"line":258,"column":8},"end":{"line":286,"column":9},"skip":true},"57":{"start":{"line":259,"column":12},"end":{"line":269,"column":14},"skip":true},"58":{"start":{"line":271,"column":12},"end":{"line":285,"column":19},"skip":true},"59":{"start":{"line":274,"column":20},"end":{"line":274,"column":35},"skip":true},"60":{"start":{"line":275,"column":20},"end":{"line":284,"column":21},"skip":true},"61":{"start":{"line":277,"column":24},"end":{"line":277,"column":64},"skip":true},"62":{"start":{"line":279,"column":24},"end":{"line":279,"column":40},"skip":true},"63":{"start":{"line":281,"column":24},"end":{"line":281,"column":40},"skip":true},"64":{"start":{"line":283,"column":24},"end":{"line":283,"column":39},"skip":true},"65":{"start":{"line":288,"column":8},"end":{"line":290,"column":9},"skip":true},"66":{"start":{"line":289,"column":12},"end":{"line":289,"column":18},"skip":true},"67":{"start":{"line":291,"column":8},"end":{"line":293,"column":54},"skip":true},"68":{"start":{"line":296,"column":8},"end":{"line":301,"column":37},"skip":true},"69":{"start":{"line":303,"column":8},"end":{"line":303,"column":82},"skip":true},"70":{"start":{"line":306,"column":8},"end":{"line":308,"column":9},"skip":true},"71":{"start":{"line":307,"column":12},"end":{"line":307,"column":82},"skip":true},"72":{"start":{"line":310,"column":8},"end":{"line":312,"column":9},"skip":true},"73":{"start":{"line":311,"column":12},"end":{"line":311,"column":18},"skip":true},"74":{"start":{"line":313,"column":8},"end":{"line":313,"column":54},"skip":true},"75":{"start":{"line":314,"column":8},"end":{"line":314,"column":69},"skip":true},"76":{"start":{"line":315,"column":8},"end":{"line":323,"column":36},"skip":true},"77":{"start":{"line":316,"column":12},"end":{"line":316,"column":61},"skip":true},"78":{"start":{"line":317,"column":12},"end":{"line":320,"column":13},"skip":true},"79":{"start":{"line":318,"column":16},"end":{"line":318,"column":75},"skip":true},"80":{"start":{"line":319,"column":16},"end":{"line":319,"column":23},"skip":true},"81":{"start":{"line":321,"column":12},"end":{"line":321,"column":38},"skip":true},"82":{"start":{"line":322,"column":12},"end":{"line":322,"column":27},"skip":true},"83":{"start":{"line":324,"column":8},"end":{"line":324,"column":14},"skip":true}},"branchMap":{"1":{"line":39,"type":"binary-expr","locations":[{"start":{"line":39,"column":23},"end":{"line":39,"column":62}},{"start":{"line":40,"column":20},"end":{"line":40,"column":70}},{"start":{"line":41,"column":20},"end":{"line":41,"column":71}},{"start":{"line":42,"column":20},"end":{"line":42,"column":29}}]},"2":{"line":44,"type":"binary-expr","locations":[{"start":{"line":44,"column":23},"end":{"line":44,"column":37}},{"start":{"line":45,"column":20},"end":{"line":45,"column":61}},{"start":{"line":46,"column":20},"end":{"line":46,"column":70}},{"start":{"line":47,"column":20},"end":{"line":47,"column":26}}]},"3":{"line":51,"type":"cond-expr","locations":[{"start":{"line":52,"column":14},"end":{"line":52,"column":20}},{"start":{"line":53,"column":14},"end":{"line":53,"column":20}}]},"4":{"line":55,"type":"binary-expr","locations":[{"start":{"line":55,"column":16},"end":{"line":55,"column":44}},{"start":{"line":55,"column":49},"end":{"line":57,"column":43}}]},"5":{"line":55,"type":"cond-expr","locations":[{"start":{"line":56,"column":14},"end":{"line":56,"column":57}},{"start":{"line":57,"column":14},"end":{"line":57,"column":43}}]},"6":{"line":61,"type":"switch","locations":[{"start":{"line":68,"column":4},"end":{"line":150,"column":14},"skip":true},{"start":{"line":156,"column":4},"end":{"line":324,"column":14},"skip":true}]},"7":{"line":70,"type":"if","locations":[{"start":{"line":70,"column":12},"end":{"line":70,"column":12},"skip":true},{"start":{"line":70,"column":12},"end":{"line":70,"column":12},"skip":true}]},"8":{"line":70,"type":"binary-expr","locations":[{"start":{"line":70,"column":16},"end":{"line":70,"column":22},"skip":true},{"start":{"line":70,"column":27},"end":{"line":70,"column":32},"skip":true},{"start":{"line":71,"column":20},"end":{"line":71,"column":39},"skip":true},{"start":{"line":72,"column":20},"end":{"line":72,"column":49},"skip":true},{"start":{"line":73,"column":20},"end":{"line":73,"column":58},"skip":true},{"start":{"line":74,"column":20},"end":{"line":74,"column":69},"skip":true}]},"9":{"line":79,"type":"switch","locations":[{"start":{"line":80,"column":20},"end":{"line":80,"column":33},"skip":true},{"start":{"line":81,"column":20},"end":{"line":83,"column":30},"skip":true},{"start":{"line":84,"column":20},"end":{"line":85,"column":49},"skip":true}]},"10":{"line":89,"type":"switch","locations":[{"start":{"line":90,"column":12},"end":{"line":103,"column":22},"skip":true},{"start":{"line":105,"column":12},"end":{"line":106,"column":22},"skip":true}]},"11":{"line":89,"type":"binary-expr","locations":[{"start":{"line":89,"column":20},"end":{"line":89,"column":25},"skip":true},{"start":{"line":89,"column":29},"end":{"line":89,"column":48},"skip":true},{"start":{"line":89,"column":52},"end":{"line":89,"column":74},"skip":true}]},"12":{"line":92,"type":"if","locations":[{"start":{"line":92,"column":16},"end":{"line":92,"column":16},"skip":true},{"start":{"line":92,"column":16},"end":{"line":92,"column":16},"skip":true}]},"13":{"line":108,"type":"if","locations":[{"start":{"line":108,"column":12},"end":{"line":108,"column":12},"skip":true},{"start":{"line":108,"column":12},"end":{"line":108,"column":12},"skip":true}]},"14":{"line":108,"type":"binary-expr","locations":[{"start":{"line":108,"column":16},"end":{"line":108,"column":61},"skip":true},{"start":{"line":108,"column":66},"end":{"line":108,"column":72},"skip":true},{"start":{"line":108,"column":77},"end":{"line":108,"column":82},"skip":true},{"start":{"line":109,"column":20},"end":{"line":109,"column":39},"skip":true},{"start":{"line":110,"column":20},"end":{"line":110,"column":49},"skip":true},{"start":{"line":111,"column":20},"end":{"line":111,"column":58},"skip":true},{"start":{"line":112,"column":20},"end":{"line":112,"column":68},"skip":true}]},"15":{"line":129,"type":"if","locations":[{"start":{"line":129,"column":16},"end":{"line":129,"column":16},"skip":true},{"start":{"line":129,"column":16},"end":{"line":129,"column":16},"skip":true}]},"16":{"line":134,"type":"cond-expr","locations":[{"start":{"line":135,"column":26},"end":{"line":135,"column":29},"skip":true},{"start":{"line":136,"column":26},"end":{"line":136,"column":54},"skip":true}]},"17":{"line":164,"type":"binary-expr","locations":[{"start":{"line":164,"column":27},"end":{"line":164,"column":43},"skip":true},{"start":{"line":164,"column":47},"end":{"line":164,"column":49},"skip":true}]},"18":{"line":258,"type":"if","locations":[{"start":{"line":258,"column":8},"end":{"line":258,"column":8},"skip":true},{"start":{"line":258,"column":8},"end":{"line":258,"column":8},"skip":true}]},"19":{"line":275,"type":"switch","locations":[{"start":{"line":276,"column":20},"end":{"line":277,"column":64},"skip":true},{"start":{"line":278,"column":20},"end":{"line":279,"column":40},"skip":true},{"start":{"line":280,"column":20},"end":{"line":281,"column":40},"skip":true},{"start":{"line":282,"column":20},"end":{"line":283,"column":39},"skip":true}]},"20":{"line":288,"type":"if","locations":[{"start":{"line":288,"column":8},"end":{"line":288,"column":8},"skip":true},{"start":{"line":288,"column":8},"end":{"line":288,"column":8},"skip":true}]},"21":{"line":288,"type":"binary-expr","locations":[{"start":{"line":288,"column":12},"end":{"line":288,"column":40},"skip":true},{"start":{"line":288,"column":44},"end":{"line":288,"column":67},"skip":true}]},"22":{"line":292,"type":"binary-expr","locations":[{"start":{"line":292,"column":12},"end":{"line":292,"column":50},"skip":true},{"start":{"line":293,"column":12},"end":{"line":293,"column":53},"skip":true}]},"23":{"line":297,"type":"binary-expr","locations":[{"start":{"line":297,"column":12},"end":{"line":297,"column":71},"skip":true},{"start":{"line":298,"column":12},"end":{"line":301,"column":36},"skip":true}]},"24":{"line":303,"type":"binary-expr","locations":[{"start":{"line":303,"column":43},"end":{"line":303,"column":75},"skip":true},{"start":{"line":303,"column":79},"end":{"line":303,"column":81},"skip":true}]},"25":{"line":306,"type":"if","locations":[{"start":{"line":306,"column":8},"end":{"line":306,"column":8},"skip":true},{"start":{"line":306,"column":8},"end":{"line":306,"column":8},"skip":true}]},"26":{"line":310,"type":"if","locations":[{"start":{"line":310,"column":8},"end":{"line":310,"column":8},"skip":true},{"start":{"line":310,"column":8},"end":{"line":310,"column":8},"skip":true}]},"27":{"line":313,"type":"binary-expr","locations":[{"start":{"line":313,"column":27},"end":{"line":313,"column":43},"skip":true},{"start":{"line":313,"column":47},"end":{"line":313,"column":53},"skip":true}]},"28":{"line":317,"type":"if","locations":[{"start":{"line":317,"column":12},"end":{"line":317,"column":12},"skip":true},{"start":{"line":317,"column":12},"end":{"line":317,"column":12},"skip":true}]}},"code":["/*","example.js","","quickstart example","","instruction","    1. save this script as example.js","    2. run the shell command:","        $ npm install npmtest-swagger-tools && PORT=8081 node example.js","    3. play with the browser-demo on http://127.0.0.1:8081","*/","","","","/* istanbul instrument in package npmtest_swagger_tools */","/*jslint","    bitwise: true,","    browser: true,","    maxerr: 8,","    maxlen: 96,","    node: true,","    nomen: true,","    regexp: true,","    stupid: true","*/","(function () {","    'use strict';","    var local;","","","","    // run shared js-env code - pre-init","    (function () {","        // init local","        local = {};","        // init modeJs","        local.modeJs = (function () {","            try {","                return typeof navigator.userAgent === 'string' &&","                    typeof document.querySelector('body') === 'object' &&","                    typeof XMLHttpRequest.prototype.open === 'function' &&","                    'browser';","            } catch (errorCaughtBrowser) {","                return module.exports &&","                    typeof process.versions.node === 'string' &&","                    typeof require('http').createServer === 'function' &&","                    'node';","            }","        }());","        // init global","        local.global = local.modeJs === 'browser'","            ? window","            : global;","        // init utility2_rollup","        local = local.global.utility2_rollup || (local.modeJs === 'browser'","            ? local.global.utility2_npmtest_swagger_tools","            : global.utility2_moduleExports);","        // export local","        local.global.local = local;","    }());","    switch (local.modeJs) {","","","","    // post-init","    // run browser js-env code - post-init","    /* istanbul ignore next */","    case 'browser':","        local.testRunBrowser = function (event) {","            if (!event || (event &&","                    event.currentTarget &&","                    event.currentTarget.className &&","                    event.currentTarget.className.includes &&","                    event.currentTarget.className.includes('onreset'))) {","                // reset output","                Array.from(","                    document.querySelectorAll('body > .resettable')","                ).forEach(function (element) {","                    switch (element.tagName) {","                    case 'INPUT':","                    case 'TEXTAREA':","                        element.value = '';","                        break;","                    default:","                        element.textContent = '';","                    }","                });","            }","            switch (event && event.currentTarget && event.currentTarget.id) {","            case 'testRunButton1':","                // show tests","                if (document.querySelector('#testReportDiv1').style.display === 'none') {","                    document.querySelector('#testReportDiv1').style.display = 'block';","                    document.querySelector('#testRunButton1').textContent =","                        'hide internal test';","                    local.modeTest = true;","                    local.testRunDefault(local);","                // hide tests","                } else {","                    document.querySelector('#testReportDiv1').style.display = 'none';","                    document.querySelector('#testRunButton1').textContent = 'run internal test';","                }","                break;","            // custom-case","            default:","                break;","            }","            if (document.querySelector('#inputTextareaEval1') && (!event || (event &&","                    event.currentTarget &&","                    event.currentTarget.className &&","                    event.currentTarget.className.includes &&","                    event.currentTarget.className.includes('oneval')))) {","                // try to eval input-code","                try {","                    /*jslint evil: true*/","                    eval(document.querySelector('#inputTextareaEval1').value);","                } catch (errorCaught) {","                    console.error(errorCaught);","                }","            }","        };","        // log stderr and stdout to #outputTextareaStdout1","        ['error', 'log'].forEach(function (key) {","            console[key + '_original'] = console[key];","            console[key] = function () {","                var element;","                console[key + '_original'].apply(console, arguments);","                element = document.querySelector('#outputTextareaStdout1');","                if (!element) {","                    return;","                }","                // append text to #outputTextareaStdout1","                element.value += Array.from(arguments).map(function (arg) {","                    return typeof arg === 'string'","                        ? arg","                        : JSON.stringify(arg, null, 4);","                }).join(' ') + '\\n';","                // scroll textarea to bottom","                element.scrollTop = element.scrollHeight;","            };","        });","        // init event-handling","        ['change', 'click', 'keyup'].forEach(function (event) {","            Array.from(document.querySelectorAll('.on' + event)).forEach(function (element) {","                element.addEventListener(event, local.testRunBrowser);","            });","        });","        // run tests","        local.testRunBrowser();","        break;","","","","    // run node js-env code - post-init","    /* istanbul ignore next */","    case 'node':","        // export local","        module.exports = local;","        // require modules","        local.fs = require('fs');","        local.http = require('http');","        local.url = require('url');","        // init assets","        local.assetsDict = local.assetsDict || {};","        /* jslint-ignore-begin */","        local.assetsDict['/assets.index.template.html'] = '\\","<!doctype html>\\n\\","<html lang=\"en\">\\n\\","<head>\\n\\","<meta charset=\"UTF-8\">\\n\\","<meta name=\"viewport\" content=\"width=device-width, initial-scale=1\">\\n\\","<title>{{env.npm_package_name}} (v{{env.npm_package_version}})</title>\\n\\","<style>\\n\\","/*csslint\\n\\","    box-sizing: false,\\n\\","    universal-selector: false\\n\\","*/\\n\\","* {\\n\\","    box-sizing: border-box;\\n\\","}\\n\\","body {\\n\\","    background: #dde;\\n\\","    font-family: Arial, Helvetica, sans-serif;\\n\\","    margin: 2rem;\\n\\","}\\n\\","body > * {\\n\\","    margin-bottom: 1rem;\\n\\","}\\n\\",".utility2FooterDiv {\\n\\","    margin-top: 20px;\\n\\","    text-align: center;\\n\\","}\\n\\","</style>\\n\\","<style>\\n\\","/*csslint\\n\\","*/\\n\\","textarea {\\n\\","    font-family: monospace;\\n\\","    height: 10rem;\\n\\","    width: 100%;\\n\\","}\\n\\","textarea[readonly] {\\n\\","    background: #ddd;\\n\\","}\\n\\","</style>\\n\\","</head>\\n\\","<body>\\n\\","<!-- utility2-comment\\n\\","<div id=\"ajaxProgressDiv1\" style=\"background: #d00; height: 2px; left: 0; margin: 0; padding: 0; position: fixed; top: 0; transition: background 0.5s, width 1.5s; width: 25%;\"></div>\\n\\","utility2-comment -->\\n\\","<h1>\\n\\","<!-- utility2-comment\\n\\","    <a\\n\\","        {{#if env.npm_package_homepage}}\\n\\","        href=\"{{env.npm_package_homepage}}\"\\n\\","        {{/if env.npm_package_homepage}}\\n\\","        target=\"_blank\"\\n\\","    >\\n\\","utility2-comment -->\\n\\","        {{env.npm_package_name}} (v{{env.npm_package_version}})\\n\\","<!-- utility2-comment\\n\\","    </a>\\n\\","utility2-comment -->\\n\\","</h1>\\n\\","<h3>{{env.npm_package_description}}</h3>\\n\\","<!-- utility2-comment\\n\\","<h4><a download href=\"assets.app.js\">download standalone app</a></h4>\\n\\","<button class=\"onclick onreset\" id=\"testRunButton1\">run internal test</button><br>\\n\\","<div id=\"testReportDiv1\" style=\"display: none;\"></div>\\n\\","utility2-comment -->\\n\\","\\n\\","\\n\\","\\n\\","<label>stderr and stdout</label>\\n\\","<textarea class=\"resettable\" id=\"outputTextareaStdout1\" readonly></textarea>\\n\\","<!-- utility2-comment\\n\\","{{#if isRollup}}\\n\\","<script src=\"assets.app.js\"></script>\\n\\","{{#unless isRollup}}\\n\\","utility2-comment -->\\n\\","<script src=\"assets.utility2.rollup.js\"></script>\\n\\","<script src=\"jsonp.utility2._stateInit?callback=window.utility2._stateInit\"></script>\\n\\","<script src=\"assets.npmtest_swagger_tools.rollup.js\"></script>\\n\\","<script src=\"assets.example.js\"></script>\\n\\","<script src=\"assets.test.js\"></script>\\n\\","<!-- utility2-comment\\n\\","{{/if isRollup}}\\n\\","utility2-comment -->\\n\\","<div class=\"utility2FooterDiv\">\\n\\","    [ this app was created with\\n\\","    <a href=\"https://github.com/kaizhu256/node-utility2\" target=\"_blank\">utility2</a>\\n\\","    ]\\n\\","</div>\\n\\","</body>\\n\\","</html>\\n\\","';","        /* jslint-ignore-end */","        if (local.templateRender) {","            local.assetsDict['/'] = local.templateRender(","                local.assetsDict['/assets.index.template.html'],","                {","                    env: local.objectSetDefault(local.env, {","                        npm_package_description: 'the greatest app in the world!',","                        npm_package_name: 'my-app',","                        npm_package_nameAlias: 'my_app',","                        npm_package_version: '0.0.1'","                    })","                }","            );","        } else {","            local.assetsDict['/'] = local.assetsDict['/assets.index.template.html']","                .replace((/\\{\\{env\\.(\\w+?)\\}\\}/g), function (match0, match1) {","                    // jslint-hack","                    String(match0);","                    switch (match1) {","                    case 'npm_package_description':","                        return 'the greatest app in the world!';","                    case 'npm_package_name':","                        return 'my-app';","                    case 'npm_package_nameAlias':","                        return 'my_app';","                    case 'npm_package_version':","                        return '0.0.1';","                    }","                });","        }","        // run the cli","        if (local.global.utility2_rollup || module !== require.main) {","            break;","        }","        local.assetsDict['/assets.example.js'] =","            local.assetsDict['/assets.example.js'] ||","            local.fs.readFileSync(__filename, 'utf8');","        // bug-workaround - long $npm_package_buildCustomOrg","        /* jslint-ignore-begin */","        local.assetsDict['/assets.npmtest_swagger_tools.rollup.js'] =","            local.assetsDict['/assets.npmtest_swagger_tools.rollup.js'] ||","            local.fs.readFileSync(","                local.npmtest_swagger_tools.__dirname + '/lib.npmtest_swagger_tools.js',","                'utf8'","            ).replace((/^#!/), '//');","        /* jslint-ignore-end */","        local.assetsDict['/favicon.ico'] = local.assetsDict['/favicon.ico'] || '';","        // if $npm_config_timeout_exit exists,","        // then exit this process after $npm_config_timeout_exit ms","        if (Number(process.env.npm_config_timeout_exit)) {","            setTimeout(process.exit, Number(process.env.npm_config_timeout_exit));","        }","        // start server","        if (local.global.utility2_serverHttp1) {","            break;","        }","        process.env.PORT = process.env.PORT || '8081';","        console.error('server starting on port ' + process.env.PORT);","        local.http.createServer(function (request, response) {","            request.urlParsed = local.url.parse(request.url);","            if (local.assetsDict[request.urlParsed.pathname] !== undefined) {","                response.end(local.assetsDict[request.urlParsed.pathname]);","                return;","            }","            response.statusCode = 404;","            response.end();","        }).listen(process.env.PORT);","        break;","    }","}());",""],"l":{"26":2,"28":2,"33":2,"35":2,"37":2,"38":2,"39":2,"44":1,"51":2,"55":2,"59":2,"61":2,"69":1,"70":2,"76":2,"79":2,"82":2,"83":2,"85":1,"89":2,"92":1,"93":1,"94":1,"96":1,"97":1,"100":1,"101":1,"103":1,"106":1,"108":2,"114":1,"116":1,"118":1,"123":1,"124":2,"125":2,"126":3,"127":3,"128":3,"129":3,"130":1,"133":3,"134":3,"139":3,"143":1,"144":3,"145":1,"149":1,"150":1,"158":1,"160":1,"161":1,"162":1,"164":1,"166":1,"258":1,"259":1,"271":1,"274":6,"275":6,"277":1,"279":2,"281":1,"283":2,"288":1,"289":1,"291":1,"296":1,"303":1,"306":1,"307":1,"310":1,"311":1,"313":1,"314":1,"315":1,"316":1,"317":1,"318":1,"319":1,"321":1,"322":1,"324":1}},"/home/travis/build/npmtest/node-npmtest-swagger-tools/node_modules/swagger-tools/index.js":{"path":"/home/travis/build/npmtest/node-npmtest-swagger-tools/node_modules/swagger-tools/index.js","s":{"1":1,"2":1,"3":1,"4":1,"5":0,"6":0,"7":0,"8":0,"9":0,"10":0,"11":0,"12":0,"13":0,"14":0,"15":0,"16":0,"17":0,"18":0,"19":0,"20":0,"21":0,"22":0,"23":0,"24":0,"25":0,"26":0,"27":0,"28":0,"29":0,"30":0,"31":0,"32":0,"33":0,"34":0,"35":0,"36":0,"37":0,"38":0,"39":0,"40":0,"41":0,"42":0,"43":0,"44":0,"45":0,"46":0,"47":0,"48":0,"49":0,"50":0,"51":0,"52":0,"53":0,"54":0,"55":0,"56":1},"b":{"1":[0,0],"2":[0,0],"3":[0,0],"4":[0,0],"5":[0,0],"6":[0,0],"7":[0,0],"8":[0,0],"9":[0,0],"10":[0,0],"11":[0,0],"12":[0,0],"13":[0,0],"14":[0,0],"15":[0,0],"16":[0,0],"17":[0,0]},"f":{"1":0,"2":0,"3":0,"4":0,"5":0,"6":0},"fnMap":{"1":{"name":"initializeMiddleware","line":31,"loc":{"start":{"line":31,"column":27},"end":{"line":31,"column":87}}},"2":{"name":"(anonymous_2)","line":68,"loc":{"start":{"line":68,"column":12},"end":{"line":68,"column":36}}},"3":{"name":"(anonymous_3)","line":69,"loc":{"start":{"line":69,"column":83},"end":{"line":69,"column":116}}},"4":{"name":"(anonymous_4)","line":87,"loc":{"start":{"line":87,"column":25},"end":{"line":87,"column":37}}},"5":{"name":"(anonymous_5)","line":95,"loc":{"start":{"line":95,"column":19},"end":{"line":95,"column":38}}},"6":{"name":"(anonymous_6)","line":100,"loc":{"start":{"line":100,"column":44},"end":{"line":100,"column":69}}}},"statementMap":{"1":{"start":{"line":27,"column":0},"end":{"line":27,"column":33}},"2":{"start":{"line":28,"column":0},"end":{"line":28,"column":57}},"3":{"start":{"line":29,"column":0},"end":{"line":29,"column":39}},"4":{"start":{"line":31,"column":0},"end":{"line":133,"column":2}},"5":{"start":{"line":32,"column":2},"end":{"line":32,"column":11}},"6":{"start":{"line":33,"column":2},"end":{"line":33,"column":11}},"7":{"start":{"line":35,"column":2},"end":{"line":35,"column":35}},"8":{"start":{"line":37,"column":2},"end":{"line":41,"column":3}},"9":{"start":{"line":38,"column":4},"end":{"line":38,"column":42}},"10":{"start":{"line":39,"column":9},"end":{"line":41,"column":3}},"11":{"start":{"line":40,"column":4},"end":{"line":40,"column":52}},"12":{"start":{"line":43,"column":2},"end":{"line":43,"column":18}},"13":{"start":{"line":44,"column":2},"end":{"line":44,"column":66}},"14":{"start":{"line":46,"column":2},"end":{"line":46,"column":58}},"15":{"start":{"line":48,"column":2},"end":{"line":60,"column":3}},"16":{"start":{"line":49,"column":4},"end":{"line":53,"column":5}},"17":{"start":{"line":50,"column":6},"end":{"line":50,"column":47}},"18":{"start":{"line":51,"column":11},"end":{"line":53,"column":5}},"19":{"start":{"line":52,"column":6},"end":{"line":52,"column":56}},"20":{"start":{"line":55,"column":4},"end":{"line":55,"column":64}},"21":{"start":{"line":57,"column":4},"end":{"line":57,"column":25}},"22":{"start":{"line":59,"column":4},"end":{"line":59,"column":28}},"23":{"start":{"line":62,"column":2},"end":{"line":66,"column":3}},"24":{"start":{"line":63,"column":4},"end":{"line":63,"column":44}},"25":{"start":{"line":64,"column":9},"end":{"line":66,"column":3}},"26":{"start":{"line":65,"column":4},"end":{"line":65,"column":55}},"27":{"start":{"line":68,"column":2},"end":{"line":130,"column":5}},"28":{"start":{"line":69,"column":4},"end":{"line":76,"column":5}},"29":{"start":{"line":70,"column":6},"end":{"line":70,"column":74}},"30":{"start":{"line":72,"column":6},"end":{"line":72,"column":90}},"31":{"start":{"line":74,"column":6},"end":{"line":74,"column":34}},"32":{"start":{"line":75,"column":6},"end":{"line":75,"column":28}},"33":{"start":{"line":78,"column":4},"end":{"line":78,"column":60}},"34":{"start":{"line":80,"column":4},"end":{"line":129,"column":5}},"35":{"start":{"line":81,"column":6},"end":{"line":83,"column":7}},"36":{"start":{"line":82,"column":8},"end":{"line":82,"column":18}},"37":{"start":{"line":85,"column":6},"end":{"line":112,"column":9}},"38":{"start":{"line":88,"column":10},"end":{"line":88,"column":73}},"39":{"start":{"line":90,"column":10},"end":{"line":90,"column":82}},"40":{"start":{"line":96,"column":10},"end":{"line":96,"column":61}},"41":{"start":{"line":97,"column":10},"end":{"line":97,"column":32}},"42":{"start":{"line":99,"column":10},"end":{"line":105,"column":11}},"43":{"start":{"line":100,"column":12},"end":{"line":104,"column":20}},"44":{"start":{"line":101,"column":14},"end":{"line":101,"column":52}},"45":{"start":{"line":103,"column":14},"end":{"line":103,"column":25}},"46":{"start":{"line":107,"column":10},"end":{"line":107,"column":37}},"47":{"start":{"line":109,"column":10},"end":{"line":109,"column":52}},"48":{"start":{"line":114,"column":6},"end":{"line":128,"column":7}},"49":{"start":{"line":118,"column":8},"end":{"line":118,"column":22}},"50":{"start":{"line":120,"column":8},"end":{"line":125,"column":9}},"51":{"start":{"line":121,"column":10},"end":{"line":121,"column":89}},"52":{"start":{"line":123,"column":10},"end":{"line":123,"column":57}},"53":{"start":{"line":124,"column":10},"end":{"line":124,"column":35}},"54":{"start":{"line":127,"column":8},"end":{"line":127,"column":24}},"55":{"start":{"line":132,"column":2},"end":{"line":132,"column":34}},"56":{"start":{"line":135,"column":0},"end":{"line":138,"column":2}}},"branchMap":{"1":{"line":37,"type":"if","locations":[{"start":{"line":37,"column":2},"end":{"line":37,"column":2}},{"start":{"line":37,"column":2},"end":{"line":37,"column":2}}]},"2":{"line":39,"type":"if","locations":[{"start":{"line":39,"column":9},"end":{"line":39,"column":9}},{"start":{"line":39,"column":9},"end":{"line":39,"column":9}}]},"3":{"line":48,"type":"if","locations":[{"start":{"line":48,"column":2},"end":{"line":48,"column":2}},{"start":{"line":48,"column":2},"end":{"line":48,"column":2}}]},"4":{"line":49,"type":"if","locations":[{"start":{"line":49,"column":4},"end":{"line":49,"column":4}},{"start":{"line":49,"column":4},"end":{"line":49,"column":4}}]},"5":{"line":51,"type":"if","locations":[{"start":{"line":51,"column":11},"end":{"line":51,"column":11}},{"start":{"line":51,"column":11},"end":{"line":51,"column":11}}]},"6":{"line":62,"type":"if","locations":[{"start":{"line":62,"column":2},"end":{"line":62,"column":2}},{"start":{"line":62,"column":2},"end":{"line":62,"column":2}}]},"7":{"line":64,"type":"if","locations":[{"start":{"line":64,"column":9},"end":{"line":64,"column":9}},{"start":{"line":64,"column":9},"end":{"line":64,"column":9}}]},"8":{"line":69,"type":"if","locations":[{"start":{"line":69,"column":4},"end":{"line":69,"column":4}},{"start":{"line":69,"column":4},"end":{"line":69,"column":4}}]},"9":{"line":69,"type":"binary-expr","locations":[{"start":{"line":69,"column":8},"end":{"line":69,"column":15}},{"start":{"line":69,"column":19},"end":{"line":71,"column":13}}]},"10":{"line":69,"type":"binary-expr","locations":[{"start":{"line":69,"column":52},"end":{"line":69,"column":75}},{"start":{"line":69,"column":79},"end":{"line":69,"column":81}}]},"11":{"line":70,"type":"cond-expr","locations":[{"start":{"line":70,"column":40},"end":{"line":70,"column":68}},{"start":{"line":70,"column":71},"end":{"line":70,"column":72}}]},"12":{"line":78,"type":"cond-expr","locations":[{"start":{"line":78,"column":36},"end":{"line":78,"column":44}},{"start":{"line":78,"column":47},"end":{"line":78,"column":58}}]},"13":{"line":81,"type":"if","locations":[{"start":{"line":81,"column":6},"end":{"line":81,"column":6}},{"start":{"line":81,"column":6},"end":{"line":81,"column":6}}]},"14":{"line":99,"type":"if","locations":[{"start":{"line":99,"column":10},"end":{"line":99,"column":10}},{"start":{"line":99,"column":10},"end":{"line":99,"column":10}}]},"15":{"line":107,"type":"binary-expr","locations":[{"start":{"line":107,"column":22},"end":{"line":107,"column":29}},{"start":{"line":107,"column":33},"end":{"line":107,"column":35}}]},"16":{"line":114,"type":"if","locations":[{"start":{"line":114,"column":6},"end":{"line":114,"column":6}},{"start":{"line":114,"column":6},"end":{"line":114,"column":6}}]},"17":{"line":120,"type":"if","locations":[{"start":{"line":120,"column":8},"end":{"line":120,"column":8}},{"start":{"line":120,"column":8},"end":{"line":120,"column":8}}]}},"code":["/*"," * The MIT License (MIT)"," *"," * Copyright (c) 2014 Apigee Corporation"," *"," * Permission is hereby granted, free of charge, to any person obtaining a copy"," * of this software and associated documentation files (the \"Software\"), to deal"," * in the Software without restriction, including without limitation the rights"," * to use, copy, modify, merge, publish, distribute, sublicense, and/or sell"," * copies of the Software, and to permit persons to whom the Software is"," * furnished to do so, subject to the following conditions:"," *"," * The above copyright notice and this permission notice shall be included in"," * all copies or substantial portions of the Software."," *"," * THE SOFTWARE IS PROVIDED \"AS IS\", WITHOUT WARRANTY OF ANY KIND, EXPRESS OR"," * IMPLIED, INCLUDING BUT NOT LIMITED TO THE WARRANTIES OF MERCHANTABILITY,"," * FITNESS FOR A PARTICULAR PURPOSE AND NONINFRINGEMENT. IN NO EVENT SHALL THE"," * AUTHORS OR COPYRIGHT HOLDERS BE LIABLE FOR ANY CLAIM, DAMAGES OR OTHER"," * LIABILITY, WHETHER IN AN ACTION OF CONTRACT, TORT OR OTHERWISE, ARISING FROM,"," * OUT OF OR IN CONNECTION WITH THE SOFTWARE OR THE USE OR OTHER DEALINGS IN"," * THE SOFTWARE."," */","","'use strict';","","var _ = require('lodash-compat');","var debug = require('debug')('swagger-tools:middleware');","var helpers = require('./lib/helpers');","","var initializeMiddleware = function initializeMiddleware (rlOrSO, resources, callback) {","  var args;","  var spec;","","  debug('Initializing middleware');","","  if (_.isUndefined(rlOrSO)) {","    throw new Error('rlOrSO is required');","  } else if (!_.isPlainObject(rlOrSO)) {","    throw new TypeError('rlOrSO must be an object');","  }","","  args = [rlOrSO];","  spec = helpers.getSpec(helpers.getSwaggerVersion(rlOrSO), true);","","  debug('  Identified Swagger version: %s', spec.version);","","  if (spec.version === '1.2') {","    if (_.isUndefined(resources)) {","      throw new Error('resources is required');","    } else if (!_.isArray(resources)) {","      throw new TypeError('resources must be an array');","    }","","    debug('  Number of API Declarations: %d', resources.length);","","    args.push(resources);","  } else {","    callback = arguments[1];","  }","","  if (_.isUndefined(callback)) {","    throw new Error('callback is required');","  } else if (!_.isFunction(callback)) {","    throw new TypeError('callback must be a function');","  }","","  args.push(function (err, results) {","    if (results && results.errors.length + _.reduce(results.apiDeclarations || [], function (count, apiDeclaration) {","      return count += (apiDeclaration ? apiDeclaration.errors.length : 0);","    }, 0) > 0) {","      err = new Error('Swagger document(s) failed validation so the server cannot start');","","      err.failedValidation = true;","      err.results = results;","    }","","    debug('  Validation: %s', err ? 'failed' : 'succeeded');","","    try {","      if (err) {","        throw err;","      }","","      callback({","        // Create a wrapper to avoid having to pass the non-optional arguments back to the swaggerMetadata middleware","        swaggerMetadata: function () {","          var swaggerMetadata = require('./middleware/swagger-metadata');","","          return swaggerMetadata.apply(undefined, args.slice(0, args.length - 1));","        },","        swaggerRouter: require('./middleware/swagger-router'),","        swaggerSecurity: require('./middleware/swagger-security'),","        // Create a wrapper to avoid having to pass the non-optional arguments back to the swaggerUi middleware","        swaggerUi: function (options) {","          var swaggerUi = require('./middleware/swagger-ui');","          var suArgs = [rlOrSO];","","          if (spec.version === '1.2') {","            suArgs.push(_.reduce(resources, function (map, resource) {","              map[resource.resourcePath] = resource;","","              return map;","            }, {}));","          }","","          suArgs.push(options || {});","","          return swaggerUi.apply(undefined, suArgs);","        },","        swaggerValidator: require('./middleware/swagger-validator')","      });","    } catch (err) {","      if (process.env.RUNNING_SWAGGER_TOOLS_TESTS === 'true') {","        // When running the swagger-tools test suite, we want to return an error instead of exiting the process.  This","        // does not mean that this function is an error-first callback but due to json-refs using Promises, we have to","        // return the error to avoid the error being swallowed.","        callback(err);","      } else {","        if (err.failedValidation === true) {","          helpers.printValidationResults(spec.version, rlOrSO, resources, results, true);","        } else {","          console.error('Error initializing middleware');","          console.error(err.stack);","        }","","        process.exit(1);","      }","    }","  });","","  spec.validate.apply(spec, args);","};","","module.exports = {","  initializeMiddleware: initializeMiddleware,","  specs: require('./lib/specs')","};",""],"l":{"27":1,"28":1,"29":1,"31":1,"32":0,"33":0,"35":0,"37":0,"38":0,"39":0,"40":0,"43":0,"44":0,"46":0,"48":0,"49":0,"50":0,"51":0,"52":0,"55":0,"57":0,"59":0,"62":0,"63":0,"64":0,"65":0,"68":0,"69":0,"70":0,"72":0,"74":0,"75":0,"78":0,"80":0,"81":0,"82":0,"85":0,"88":0,"90":0,"96":0,"97":0,"99":0,"100":0,"101":0,"103":0,"107":0,"109":0,"114":0,"118":0,"120":0,"121":0,"123":0,"124":0,"127":0,"132":0,"135":1}},"/home/travis/build/npmtest/node-npmtest-swagger-tools/node_modules/swagger-tools/lib/helpers.js":{"path":"/home/travis/build/npmtest/node-npmtest-swagger-tools/node_modules/swagger-tools/lib/helpers.js","s":{"1":1,"2":1,"3":1,"4":1,"5":1,"6":1,"7":1,"8":1,"9":1,"10":0,"11":0,"12":0,"13":0,"14":0,"15":0,"16":1,"17":3,"18":3,"19":3,"20":3,"21":21,"22":0,"23":3,"24":3,"25":3,"26":0,"27":0,"28":0,"29":0,"30":3,"31":1,"32":0,"33":0,"34":0,"35":0,"36":0,"37":0,"38":1,"39":0,"40":0,"41":0,"42":0,"43":0,"44":0,"45":0,"46":1,"47":0,"48":0,"49":0,"50":0,"51":0,"52":1,"53":0,"54":0,"55":0,"56":0,"57":0,"58":0,"59":0,"60":0,"61":0,"62":0,"63":0,"64":0,"65":1,"66":0,"67":1,"68":0,"69":0,"70":0,"71":0,"72":0,"73":0,"74":0,"75":0,"76":0,"77":0,"78":0,"79":0,"80":0,"81":0,"82":0,"83":0,"84":0,"85":0,"86":0,"87":0,"88":0,"89":0,"90":0,"91":0,"92":0,"93":0,"94":0,"95":0,"96":0,"97":0,"98":0,"99":0,"100":0,"101":0,"102":0,"103":0,"104":0,"105":0,"106":0,"107":1},"b":{"1":[0,0],"2":[0,0],"3":[3,0],"4":[0,3],"5":[0,0],"6":[0,0],"7":[0,0],"8":[0,0],"9":[0,0],"10":[0,0],"11":[0,0],"12":[0,0],"13":[0,0],"14":[0,0],"15":[0,0],"16":[0,0,0],"17":[0,0],"18":[0,0],"19":[0,0],"20":[0,0],"21":[0,0],"22":[0,0],"23":[0,0],"24":[0,0],"25":[0,0],"26":[0,0],"27":[0,0],"28":[0,0],"29":[0,0],"30":[0,0],"31":[0,0],"32":[0,0],"33":[0,0]},"f":{"1":0,"2":0,"3":0,"4":3,"5":21,"6":0,"7":0,"8":0,"9":0,"10":0,"11":0,"12":0,"13":0,"14":0,"15":0,"16":0,"17":0,"18":0,"19":0},"fnMap":{"1":{"name":"(anonymous_1)","line":46,"loc":{"start":{"line":46,"column":39},"end":{"line":46,"column":55}}},"2":{"name":"(anonymous_2)","line":47,"loc":{"start":{"line":47,"column":25},"end":{"line":47,"column":37}}},"3":{"name":"(anonymous_3)","line":52,"loc":{"start":{"line":52,"column":37},"end":{"line":52,"column":49}}},"4":{"name":"(anonymous_4)","line":59,"loc":{"start":{"line":59,"column":37},"end":{"line":59,"column":56}}},"5":{"name":"(anonymous_5)","line":70,"loc":{"start":{"line":70,"column":34},"end":{"line":70,"column":52}}},"6":{"name":"(anonymous_6)","line":71,"loc":{"start":{"line":71,"column":35},"end":{"line":71,"column":47}}},"7":{"name":"(anonymous_7)","line":84,"loc":{"start":{"line":84,"column":40},"end":{"line":84,"column":55}}},"8":{"name":"(anonymous_8)","line":95,"loc":{"start":{"line":95,"column":31},"end":{"line":95,"column":50}}},"9":{"name":"(anonymous_9)","line":99,"loc":{"start":{"line":99,"column":38},"end":{"line":99,"column":64}}},"10":{"name":"(anonymous_10)","line":111,"loc":{"start":{"line":111,"column":51},"end":{"line":111,"column":70}}},"11":{"name":"(anonymous_11)","line":117,"loc":{"start":{"line":117,"column":36},"end":{"line":117,"column":57}}},"12":{"name":"(anonymous_12)","line":127,"loc":{"start":{"line":127,"column":20},"end":{"line":127,"column":39}}},"13":{"name":"(anonymous_13)","line":149,"loc":{"start":{"line":149,"column":25},"end":{"line":149,"column":56}}},"14":{"name":"(anonymous_14)","line":184,"loc":{"start":{"line":184,"column":35},"end":{"line":184,"column":55}}},"15":{"name":"(anonymous_15)","line":188,"loc":{"start":{"line":188,"column":40},"end":{"line":188,"column":109}}},"16":{"name":"(anonymous_16)","line":191,"loc":{"start":{"line":191,"column":18},"end":{"line":191,"column":43}}},"17":{"name":"(anonymous_17)","line":194,"loc":{"start":{"line":194,"column":30},"end":{"line":194,"column":65}}},"18":{"name":"(anonymous_18)","line":200,"loc":{"start":{"line":200,"column":20},"end":{"line":200,"column":37}}},"19":{"name":"(anonymous_19)","line":230,"loc":{"start":{"line":230,"column":36},"end":{"line":230,"column":63}}}},"statementMap":{"1":{"start":{"line":28,"column":0},"end":{"line":36,"column":2}},"2":{"start":{"line":37,"column":0},"end":{"line":37,"column":36}},"3":{"start":{"line":38,"column":0},"end":{"line":38,"column":35}},"4":{"start":{"line":39,"column":0},"end":{"line":39,"column":34}},"5":{"start":{"line":41,"column":0},"end":{"line":41,"column":105}},"6":{"start":{"line":42,"column":0},"end":{"line":42,"column":66}},"7":{"start":{"line":43,"column":0},"end":{"line":43,"column":58}},"8":{"start":{"line":44,"column":0},"end":{"line":44,"column":19}},"9":{"start":{"line":46,"column":0},"end":{"line":57,"column":2}},"10":{"start":{"line":47,"column":2},"end":{"line":56,"column":5}},"11":{"start":{"line":48,"column":4},"end":{"line":48,"column":24}},"12":{"start":{"line":49,"column":4},"end":{"line":49,"column":27}},"13":{"start":{"line":51,"column":4},"end":{"line":55,"column":5}},"14":{"start":{"line":52,"column":6},"end":{"line":54,"column":9}},"15":{"start":{"line":53,"column":8},"end":{"line":53,"column":20}},"16":{"start":{"line":59,"column":0},"end":{"line":93,"column":2}},"17":{"start":{"line":60,"column":2},"end":{"line":63,"column":5}},"18":{"start":{"line":64,"column":2},"end":{"line":64,"column":13}},"19":{"start":{"line":67,"column":2},"end":{"line":67,"column":56}},"20":{"start":{"line":70,"column":2},"end":{"line":74,"column":5}},"21":{"start":{"line":71,"column":4},"end":{"line":73,"column":7}},"22":{"start":{"line":72,"column":6},"end":{"line":72,"column":18}},"23":{"start":{"line":77,"column":2},"end":{"line":90,"column":3}},"24":{"start":{"line":78,"column":4},"end":{"line":78,"column":46}},"25":{"start":{"line":81,"column":4},"end":{"line":89,"column":5}},"26":{"start":{"line":82,"column":6},"end":{"line":82,"column":95}},"27":{"start":{"line":84,"column":6},"end":{"line":86,"column":9}},"28":{"start":{"line":85,"column":8},"end":{"line":85,"column":115}},"29":{"start":{"line":88,"column":6},"end":{"line":88,"column":79}},"30":{"start":{"line":92,"column":2},"end":{"line":92,"column":19}},"31":{"start":{"line":95,"column":0},"end":{"line":109,"column":2}},"32":{"start":{"line":96,"column":2},"end":{"line":106,"column":3}},"33":{"start":{"line":98,"column":4},"end":{"line":105,"column":37}},"34":{"start":{"line":100,"column":6},"end":{"line":102,"column":7}},"35":{"start":{"line":101,"column":8},"end":{"line":101,"column":65}},"36":{"start":{"line":104,"column":6},"end":{"line":104,"column":19}},"37":{"start":{"line":108,"column":2},"end":{"line":108,"column":17}},"38":{"start":{"line":111,"column":0},"end":{"line":125,"column":2}},"39":{"start":{"line":112,"column":2},"end":{"line":112,"column":17}},"40":{"start":{"line":114,"column":2},"end":{"line":122,"column":3}},"41":{"start":{"line":115,"column":4},"end":{"line":115,"column":35}},"42":{"start":{"line":117,"column":4},"end":{"line":121,"column":7}},"43":{"start":{"line":118,"column":6},"end":{"line":120,"column":7}},"44":{"start":{"line":119,"column":8},"end":{"line":119,"column":42}},"45":{"start":{"line":124,"column":2},"end":{"line":124,"column":16}},"46":{"start":{"line":127,"column":0},"end":{"line":139,"column":2}},"47":{"start":{"line":129,"column":2},"end":{"line":136,"column":3}},"48":{"start":{"line":130,"column":4},"end":{"line":130,"column":33}},"49":{"start":{"line":133,"column":4},"end":{"line":135,"column":5}},"50":{"start":{"line":134,"column":6},"end":{"line":134,"column":22}},"51":{"start":{"line":138,"column":2},"end":{"line":138,"column":17}},"52":{"start":{"line":149,"column":0},"end":{"line":175,"column":2}},"53":{"start":{"line":150,"column":2},"end":{"line":150,"column":11}},"54":{"start":{"line":152,"column":2},"end":{"line":152,"column":35}},"55":{"start":{"line":153,"column":2},"end":{"line":153,"column":28}},"56":{"start":{"line":155,"column":2},"end":{"line":172,"column":3}},"57":{"start":{"line":156,"column":4},"end":{"line":171,"column":5}},"58":{"start":{"line":158,"column":6},"end":{"line":158,"column":42}},"59":{"start":{"line":160,"column":6},"end":{"line":160,"column":12}},"60":{"start":{"line":163,"column":6},"end":{"line":163,"column":42}},"61":{"start":{"line":165,"column":6},"end":{"line":165,"column":12}},"62":{"start":{"line":168,"column":6},"end":{"line":170,"column":7}},"63":{"start":{"line":169,"column":8},"end":{"line":169,"column":67}},"64":{"start":{"line":174,"column":2},"end":{"line":174,"column":14}},"65":{"start":{"line":184,"column":0},"end":{"line":186,"column":2}},"66":{"start":{"line":185,"column":2},"end":{"line":185,"column":108}},"67":{"start":{"line":188,"column":0},"end":{"line":261,"column":2}},"68":{"start":{"line":189,"column":2},"end":{"line":189,"column":45}},"69":{"start":{"line":190,"column":2},"end":{"line":190,"column":55}},"70":{"start":{"line":191,"column":2},"end":{"line":193,"column":4}},"71":{"start":{"line":192,"column":4},"end":{"line":192,"column":47}},"72":{"start":{"line":194,"column":2},"end":{"line":211,"column":4}},"73":{"start":{"line":195,"column":4},"end":{"line":198,"column":5}},"74":{"start":{"line":196,"column":6},"end":{"line":196,"column":27}},"75":{"start":{"line":197,"column":6},"end":{"line":197,"column":15}},"76":{"start":{"line":200,"column":4},"end":{"line":206,"column":7}},"77":{"start":{"line":201,"column":6},"end":{"line":201,"column":102}},"78":{"start":{"line":203,"column":6},"end":{"line":205,"column":7}},"79":{"start":{"line":204,"column":8},"end":{"line":204,"column":67}},"80":{"start":{"line":208,"column":4},"end":{"line":210,"column":5}},"81":{"start":{"line":209,"column":6},"end":{"line":209,"column":15}},"82":{"start":{"line":212,"column":2},"end":{"line":212,"column":21}},"83":{"start":{"line":213,"column":2},"end":{"line":213,"column":23}},"84":{"start":{"line":215,"column":2},"end":{"line":215,"column":11}},"85":{"start":{"line":217,"column":2},"end":{"line":221,"column":3}},"86":{"start":{"line":218,"column":4},"end":{"line":218,"column":40}},"87":{"start":{"line":220,"column":4},"end":{"line":220,"column":59}},"88":{"start":{"line":223,"column":2},"end":{"line":227,"column":3}},"89":{"start":{"line":224,"column":4},"end":{"line":224,"column":44}},"90":{"start":{"line":226,"column":4},"end":{"line":226,"column":63}},"91":{"start":{"line":229,"column":2},"end":{"line":249,"column":3}},"92":{"start":{"line":230,"column":4},"end":{"line":248,"column":7}},"93":{"start":{"line":231,"column":6},"end":{"line":233,"column":7}},"94":{"start":{"line":232,"column":8},"end":{"line":232,"column":15}},"95":{"start":{"line":235,"column":6},"end":{"line":235,"column":62}},"96":{"start":{"line":237,"column":6},"end":{"line":241,"column":7}},"97":{"start":{"line":238,"column":8},"end":{"line":238,"column":45}},"98":{"start":{"line":240,"column":8},"end":{"line":240,"column":93}},"99":{"start":{"line":243,"column":6},"end":{"line":247,"column":7}},"100":{"start":{"line":244,"column":8},"end":{"line":244,"column":49}},"101":{"start":{"line":246,"column":8},"end":{"line":246,"column":97}},"102":{"start":{"line":251,"column":2},"end":{"line":258,"column":3}},"103":{"start":{"line":252,"column":4},"end":{"line":257,"column":5}},"104":{"start":{"line":253,"column":6},"end":{"line":254,"column":56}},"105":{"start":{"line":256,"column":6},"end":{"line":256,"column":105}},"106":{"start":{"line":260,"column":2},"end":{"line":260,"column":11}},"107":{"start":{"line":263,"column":0},"end":{"line":271,"column":2}}},"branchMap":{"1":{"line":51,"type":"if","locations":[{"start":{"line":51,"column":4},"end":{"line":51,"column":4}},{"start":{"line":51,"column":4},"end":{"line":51,"column":4}}]},"2":{"line":51,"type":"binary-expr","locations":[{"start":{"line":51,"column":8},"end":{"line":51,"column":25}},{"start":{"line":51,"column":29},"end":{"line":51,"column":85}}]},"3":{"line":77,"type":"if","locations":[{"start":{"line":77,"column":2},"end":{"line":77,"column":2}},{"start":{"line":77,"column":2},"end":{"line":77,"column":2}}]},"4":{"line":81,"type":"if","locations":[{"start":{"line":81,"column":4},"end":{"line":81,"column":4}},{"start":{"line":81,"column":4},"end":{"line":81,"column":4}}]},"5":{"line":82,"type":"cond-expr","locations":[{"start":{"line":82,"column":63},"end":{"line":82,"column":70}},{"start":{"line":82,"column":73},"end":{"line":82,"column":78}}]},"6":{"line":85,"type":"cond-expr","locations":[{"start":{"line":85,"column":52},"end":{"line":85,"column":80}},{"start":{"line":85,"column":83},"end":{"line":85,"column":91}}]},"7":{"line":96,"type":"if","locations":[{"start":{"line":96,"column":2},"end":{"line":96,"column":2}},{"start":{"line":96,"column":2},"end":{"line":96,"column":2}}]},"8":{"line":98,"type":"cond-expr","locations":[{"start":{"line":105,"column":17},"end":{"line":105,"column":24}},{"start":{"line":105,"column":27},"end":{"line":105,"column":36}}]},"9":{"line":100,"type":"if","locations":[{"start":{"line":100,"column":6},"end":{"line":100,"column":6}},{"start":{"line":100,"column":6},"end":{"line":100,"column":6}}]},"10":{"line":114,"type":"if","locations":[{"start":{"line":114,"column":2},"end":{"line":114,"column":2}},{"start":{"line":114,"column":2},"end":{"line":114,"column":2}}]},"11":{"line":118,"type":"if","locations":[{"start":{"line":118,"column":6},"end":{"line":118,"column":6}},{"start":{"line":118,"column":6},"end":{"line":118,"column":6}}]},"12":{"line":129,"type":"if","locations":[{"start":{"line":129,"column":2},"end":{"line":129,"column":2}},{"start":{"line":129,"column":2},"end":{"line":129,"column":2}}]},"13":{"line":129,"type":"binary-expr","locations":[{"start":{"line":129,"column":6},"end":{"line":129,"column":13}},{"start":{"line":129,"column":17},"end":{"line":129,"column":37}}]},"14":{"line":133,"type":"if","locations":[{"start":{"line":133,"column":4},"end":{"line":133,"column":4}},{"start":{"line":133,"column":4},"end":{"line":133,"column":4}}]},"15":{"line":155,"type":"if","locations":[{"start":{"line":155,"column":2},"end":{"line":155,"column":2}},{"start":{"line":155,"column":2},"end":{"line":155,"column":2}}]},"16":{"line":156,"type":"switch","locations":[{"start":{"line":157,"column":4},"end":{"line":160,"column":12}},{"start":{"line":162,"column":4},"end":{"line":165,"column":12}},{"start":{"line":167,"column":4},"end":{"line":170,"column":7}}]},"17":{"line":168,"type":"if","locations":[{"start":{"line":168,"column":6},"end":{"line":168,"column":6}},{"start":{"line":168,"column":6},"end":{"line":168,"column":6}}]},"18":{"line":185,"type":"cond-expr","locations":[{"start":{"line":185,"column":37},"end":{"line":185,"column":95}},{"start":{"line":185,"column":98},"end":{"line":185,"column":107}}]},"19":{"line":185,"type":"binary-expr","locations":[{"start":{"line":185,"column":51},"end":{"line":185,"column":74}},{"start":{"line":185,"column":78},"end":{"line":185,"column":94}}]},"20":{"line":190,"type":"cond-expr","locations":[{"start":{"line":190,"column":27},"end":{"line":190,"column":40}},{"start":{"line":190,"column":43},"end":{"line":190,"column":54}}]},"21":{"line":192,"type":"cond-expr","locations":[{"start":{"line":192,"column":25},"end":{"line":192,"column":31}},{"start":{"line":192,"column":34},"end":{"line":192,"column":46}}]},"22":{"line":195,"type":"if","locations":[{"start":{"line":195,"column":4},"end":{"line":195,"column":4}},{"start":{"line":195,"column":4},"end":{"line":195,"column":4}}]},"23":{"line":203,"type":"if","locations":[{"start":{"line":203,"column":6},"end":{"line":203,"column":6}},{"start":{"line":203,"column":6},"end":{"line":203,"column":6}}]},"24":{"line":208,"type":"if","locations":[{"start":{"line":208,"column":4},"end":{"line":208,"column":4}},{"start":{"line":208,"column":4},"end":{"line":208,"column":4}}]},"25":{"line":217,"type":"if","locations":[{"start":{"line":217,"column":2},"end":{"line":217,"column":2}},{"start":{"line":217,"column":2},"end":{"line":217,"column":2}}]},"26":{"line":223,"type":"if","locations":[{"start":{"line":223,"column":2},"end":{"line":223,"column":2}},{"start":{"line":223,"column":2},"end":{"line":223,"column":2}}]},"27":{"line":229,"type":"if","locations":[{"start":{"line":229,"column":2},"end":{"line":229,"column":2}},{"start":{"line":229,"column":2},"end":{"line":229,"column":2}}]},"28":{"line":231,"type":"if","locations":[{"start":{"line":231,"column":6},"end":{"line":231,"column":6}},{"start":{"line":231,"column":6},"end":{"line":231,"column":6}}]},"29":{"line":235,"type":"binary-expr","locations":[{"start":{"line":235,"column":17},"end":{"line":235,"column":52}},{"start":{"line":235,
[...]
"line":189,"column":4},"end":{"line":189,"column":4}},{"start":{"line":189,"column":4},"end":{"line":189,"column":4}}]},"23":{"line":194,"type":"if","locations":[{"start":{"line":194,"column":4},"end":{"line":194,"column":4}},{"start":{"line":194,"column":4},"end":{"line":194,"column":4}}]},"24":{"line":194,"type":"binary-expr","locations":[{"start":{"line":194,"column":8},"end":{"line":194,"column":52}},{"start":{"line":194,"column":56},"end":{"line":194,"column":95}}]},"25":{"line":202,"type":"cond-expr","locations":[{"start":{"line":203,"column":41},"end":{"line":203,"column":76}},{"start":{"line":204,"column":41},"end":{"line":204,"column":75}}]},"26":{"line":212,"type":"if","locations":[{"start":{"line":212,"column":6},"end":{"line":212,"column":6}},{"start":{"line":212,"column":6},"end":{"line":212,"column":6}}]},"27":{"line":213,"type":"if","locations":[{"start":{"line":213,"column":8},"end":{"line":213,"column":8}},{"start":{"line":213,"column":8},"end":{"line":213,"column":8}}]},"28":{"line":215,"type":"if","locations":[{"start":{"line":215,"column":15},"end":{"line":215,"column":15}},{"start":{"line":215,"column":15},"end":{"line":215,"column":15}}]},"29":{"line":217,"type":"if","locations":[{"start":{"line":217,"column":12},"end":{"line":217,"column":12}},{"start":{"line":217,"column":12},"end":{"line":217,"column":12}}]},"30":{"line":226,"type":"if","locations":[{"start":{"line":226,"column":10},"end":{"line":226,"column":10}},{"start":{"line":226,"column":10},"end":{"line":226,"column":10}}]},"31":{"line":231,"type":"if","locations":[{"start":{"line":231,"column":12},"end":{"line":231,"column":12}},{"start":{"line":231,"column":12},"end":{"line":231,"column":12}}]},"32":{"line":231,"type":"binary-expr","locations":[{"start":{"line":231,"column":26},"end":{"line":231,"column":40}},{"start":{"line":231,"column":44},"end":{"line":231,"column":47}}]},"33":{"line":240,"type":"if","locations":[{"start":{"line":240,"column":10},"end":{"line":240,"column":10}},{"start":{"line":240,"column":10},"end":{"line":240,"column":10}}]},"34":{"line":240,"type":"binary-expr","locations":[{"start":{"line":240,"column":14},"end":{"line":240,"column":35}},{"start":{"line":240,"column":39},"end":{"line":240,"column":66}}]},"35":{"line":249,"type":"cond-expr","locations":[{"start":{"line":249,"column":58},"end":{"line":249,"column":67}},{"start":{"line":249,"column":70},"end":{"line":249,"column":76}}]},"36":{"line":251,"type":"if","locations":[{"start":{"line":251,"column":6},"end":{"line":251,"column":6}},{"start":{"line":251,"column":6},"end":{"line":251,"column":6}}]},"37":{"line":255,"type":"if","locations":[{"start":{"line":255,"column":10},"end":{"line":255,"column":10}},{"start":{"line":255,"column":10},"end":{"line":255,"column":10}}]},"38":{"line":263,"type":"if","locations":[{"start":{"line":263,"column":6},"end":{"line":263,"column":6}},{"start":{"line":263,"column":6},"end":{"line":263,"column":6}}]},"39":{"line":291,"type":"if","locations":[{"start":{"line":291,"column":2},"end":{"line":291,"column":2}},{"start":{"line":291,"column":2},"end":{"line":291,"column":2}}]},"40":{"line":295,"type":"cond-expr","locations":[{"start":{"line":295,"column":73},"end":{"line":295,"column":82}},{"start":{"line":295,"column":85},"end":{"line":295,"column":95}}]},"41":{"line":298,"type":"cond-expr","locations":[{"start":{"line":298,"column":34},"end":{"line":298,"column":55}},{"start":{"line":298,"column":58},"end":{"line":298,"column":67}}]},"42":{"line":300,"type":"cond-expr","locations":[{"start":{"line":300,"column":39},"end":{"line":300,"column":65}},{"start":{"line":300,"column":68},"end":{"line":300,"column":77}}]},"43":{"line":305,"type":"cond-expr","locations":[{"start":{"line":305,"column":59},"end":{"line":305,"column":63}},{"start":{"line":305,"column":66},"end":{"line":305,"column":71}}]},"44":{"line":307,"type":"if","locations":[{"start":{"line":307,"column":4},"end":{"line":307,"column":4}},{"start":{"line":307,"column":4},"end":{"line":307,"column":4}}]},"45":{"line":309,"type":"if","locations":[{"start":{"line":309,"column":6},"end":{"line":309,"column":6}},{"start":{"line":309,"column":6},"end":{"line":309,"column":6}}]},"46":{"line":318,"type":"cond-expr","locations":[{"start":{"line":319,"column":41},"end":{"line":319,"column":65}},{"start":{"line":320,"column":41},"end":{"line":320,"column":75}}]},"47":{"line":323,"type":"cond-expr","locations":[{"start":{"line":324,"column":18},"end":{"line":324,"column":38}},{"start":{"line":325,"column":18},"end":{"line":325,"column":49}}]},"48":{"line":326,"type":"cond-expr","locations":[{"start":{"line":326,"column":60},"end":{"line":326,"column":69}},{"start":{"line":326,"column":72},"end":{"line":326,"column":88}}]},"49":{"line":330,"type":"cond-expr","locations":[{"start":{"line":331,"column":22},"end":{"line":331,"column":89}},{"start":{"line":332,"column":22},"end":{"line":332,"column":36}}]},"50":{"line":339,"type":"if","locations":[{"start":{"line":339,"column":20},"end":{"line":339,"column":20}},{"start":{"line":339,"column":20},"end":{"line":339,"column":20}}]},"51":{"line":347,"type":"if","locations":[{"start":{"line":347,"column":20},"end":{"line":347,"column":20}},{"start":{"line":347,"column":20},"end":{"line":347,"column":20}}]},"52":{"line":356,"type":"if","locations":[{"start":{"line":356,"column":8},"end":{"line":356,"column":8}},{"start":{"line":356,"column":8},"end":{"line":356,"column":8}}]},"53":{"line":357,"type":"if","locations":[{"start":{"line":357,"column":10},"end":{"line":357,"column":10}},{"start":{"line":357,"column":10},"end":{"line":357,"column":10}}]}},"code":["/*"," * The MIT License (MIT)"," *"," * Copyright (c) 2014 Apigee Corporation"," *"," * Permission is hereby granted, free of charge, to any person obtaining a copy"," * of this software and associated documentation files (the \"Software\"), to deal"," * in the Software without restriction, including without limitation the rights"," * to use, copy, modify, merge, publish, distribute, sublicense, and/or sell"," * copies of the Software, and to permit persons to whom the Software is"," * furnished to do so, subject to the following conditions:"," *"," * The above copyright notice and this permission notice shall be included in"," * all copies or substantial portions of the Software."," *"," * THE SOFTWARE IS PROVIDED \"AS IS\", WITHOUT WARRANTY OF ANY KIND, EXPRESS OR"," * IMPLIED, INCLUDING BUT NOT LIMITED TO THE WARRANTIES OF MERCHANTABILITY,"," * FITNESS FOR A PARTICULAR PURPOSE AND NONINFRINGEMENT. IN NO EVENT SHALL THE"," * AUTHORS OR COPYRIGHT HOLDERS BE LIABLE FOR ANY CLAIM, DAMAGES OR OTHER"," * LIABILITY, WHETHER IN AN ACTION OF CONTRACT, TORT OR OTHERWISE, ARISING FROM,"," * OUT OF OR IN CONNECTION WITH THE SOFTWARE OR THE USE OR OTHER DEALINGS IN"," * THE SOFTWARE."," */","","'use strict';","","var _ = require('lodash-compat');","var async = require('async');","var cHelpers = require('../lib/helpers');","var debug = require('debug')('swagger-tools:middleware:validator');","var mHelpers = require('./helpers');","var validators = require('../lib/validators');","","var sendData = function (swaggerVersion, res, data, encoding, skipped) {","  // 'res.end' requires a Buffer or String so if it's not one, create a String","  if (!(data instanceof Buffer) && !_.isString(data)) {","    data = JSON.stringify(data);","  }","","  if (skipped) {","    if (_.isUndefined(res.getHeader('content-type'))) {","      // This scenario only happens for a 204/304 response and there is no Content-Type","      debug('    Validation: skipped (Cached response for \\'%d\\')', res.statusCode);","    } else if (swaggerVersion === '1.2') {","      debug('    Validation: skipped (No responseMessage definition)', res.statusCode);","    } else {","      debug('    Validation: skipped (No response definition)', res.statusCode);","    }","  } else {","    debug('    Validation: succeeded');","  }","","  res.end(data, encoding);","};","","var send400 = function (req, res, next, err) {","  var currentMessage;","  var validationMessage;","","  res.statusCode = 400;","","  // Format the errors to include the parameter information","  if (err.failedValidation === true) {","    currentMessage = err.message;","    validationMessage = 'Parameter (' + err.paramName + ') ';","","    switch (err.code) {","    case 'ENUM_MISMATCH':","    case 'MAXIMUM':","    case 'MAXIMUM_EXCLUSIVE':","    case 'MINIMUM':","    case 'MINIMUM_EXCLUSIVE':","    case 'MULTIPLE_OF':","    case 'INVALID_TYPE':","      if (err.code === 'INVALID_TYPE' && err.message.split(' ')[0] === 'Value') {","        validationMessage += err.message.split(' ').slice(1).join(' ');","      } else {","        validationMessage += 'is ' + err.message.charAt(0).toLowerCase() + err.message.substring(1);","      }","","      break;","","    case 'ARRAY_LENGTH_LONG':","    case 'ARRAY_LENGTH_SHORT':","    case 'MAX_LENGTH':","    case 'MIN_LENGTH':","      validationMessage += err.message.split(' ').slice(1).join(' ');","","      break;","","    case 'MAX_PROPERTIES':","    case 'MIN_PROPERTIES':","      validationMessage += 'properties are ' + err.message.split(' ').slice(4).join(' ');","","      break;","","    default:","      validationMessage += err.message.charAt(0).toLowerCase() + err.message.substring(1);","    }","","    // Replace the message","    err.message = 'Request validation failed: ' + validationMessage;","","    // Replace the stack message","    err.stack = err.stack.replace(currentMessage, validationMessage);","  }","","  return next(err);","};","var validateValue = function (req, schema, path, val, callback) {","  var document = req.swagger.apiDeclaration || req.swagger.swaggerObject;","  var version = req.swagger.apiDeclaration ? '1.2' : '2.0';","  var isModel = mHelpers.isModelParameter(version, schema);","  var spec = cHelpers.getSpec(version);","","  val = mHelpers.convertValue(val, schema, mHelpers.getParameterType(schema));","","  try {","    validators.validateSchemaConstraints(version, schema, path, val);","  } catch (err) {","    return callback(err);","  }","","  if (isModel) {","    if (_.isString(val)) {","      try {","        val = JSON.parse(val);","      } catch (err) {","        err.failedValidation = true;","        err.message = 'Value expected to be an array/object but is not';","","        throw err;","      }","    }","","    async.map(schema.type === 'array' ? val : [val], function (aVal, oCallback) {","      if (version === '1.2') {","        spec.validateModel(document, '#/models/' + (schema.items ?","                                                    schema.items.type || schema.items.$ref :","                                                    schema.type), aVal, oCallback);","      } else {","        try {","          validators.validateAgainstSchema(schema.schema ? schema.schema : schema, val);","","          oCallback();","        } catch (err) {","          oCallback(err);","        }","      }","    }, function (err, allResults) {","      if (!err) {","        _.each(allResults, function (results) {","          if (results && cHelpers.getErrorCount(results) > 0) {","            err = new Error('Failed schema validation');","","            err.code = 'SCHEMA_VALIDATION_FAILED';","            err.errors = results.errors;","            err.warnings = results.warnings;","            err.failedValidation = true;","","            return false;","          }","        });","      }","","      callback(err);","    });","  } else {","    callback();","  }","};","var wrapEnd = function (req, res, next) {","  var operation = req.swagger.operation;","  var originalEnd = res.end;","  var vPath = _.cloneDeep(req.swagger.operationPath);","  var swaggerVersion = req.swagger.swaggerVersion;","","  res.end = function (data, encoding) {","    var schema = operation;","    var val = data;","    var responseCode;","","    // Replace 'res.end' with the original","    res.end = originalEnd;","","    debug('  Response validation:');","","    // If the data is a buffer, convert it to a string so we can parse it prior to validation","    if (val instanceof Buffer) {","      val = data.toString(encoding);","    }","","    // Express removes the Content-Type header from 204/304 responses which makes response validation impossible","    if (_.isUndefined(res.getHeader('content-type')) && [204, 304].indexOf(res.statusCode) > -1) {","      sendData(swaggerVersion, res, data, encoding, true);","      return; // do NOT call next() here, doing so would execute remaining middleware chain twice","    }","","    try {","      // Validate the content type","      try {","        validators.validateContentType(req.swagger.apiDeclaration ?","                                         req.swagger.apiDeclaration.produces :","                                         req.swagger.swaggerObject.produces,","                                       operation.produces, res);","      } catch (err) {","        err.failedValidation = true;","","        throw err;","      }","","      if (_.isUndefined(schema.type)) {","        if (schema.schema) {","          schema = schema.schema;","        } else if (swaggerVersion === '1.2') {","          schema = _.find(operation.responseMessages, function (responseMessage, index) {","            if (responseMessage.code === res.statusCode) {","              vPath.push('responseMessages', index.toString());","","              responseCode = responseMessage.code;","","              return true;","            }","          });","","          if (!_.isUndefined(schema)) {","            schema = schema.responseModel;","          }","        } else {","          schema = _.find(operation.responses, function (response, code) {","            if (code === (res.statusCode || 200).toString()) {","              vPath.push('responses', code);","","              responseCode = code;","","              return true;","            }","          });","","          if (_.isUndefined(schema) && operation.responses.default) {","            responseCode = 'default';","            schema = operation.responses.default;","","            vPath.push('responses', 'default');","          }","        }","      }","","      debug('    Response ' + (swaggerVersion === '1.2' ? 'message' : 'code') + ': ' + responseCode);","","      if (_.isUndefined(schema)) {","        sendData(swaggerVersion, res, data, encoding, true);","      } else {","        validateValue(req, schema, vPath, val, function (err) {","          if (err) {","            throw err;","          }","          ","          sendData(swaggerVersion, res, data, encoding, false);","        });","      }","    } catch (err) {","      if (err.failedValidation) {","        err.originalResponse = data;","        err.message = 'Response validation failed: ' + err.message.charAt(0).toLowerCase() + err.message.substring(1);","        ","        debug('    Validation: failed');","","        mHelpers.debugError(err, debug);","      }","","      return next(err);","    }","  };","};","","/**"," * Middleware for using Swagger information to validate API requests/responses."," *"," * This middleware also requires that you use the swagger-metadata middleware before this middleware.  This middleware"," * also makes no attempt to work around invalid Swagger documents."," *"," * @param {object} [options] - The middleware options"," * @param {boolean} [options.validateResponse=false] - Whether or not to validate responses"," *"," * @returns the middleware function"," */","exports = module.exports = function (options) {","  debug('Initializing swagger-validator middleware');","","  if (_.isUndefined(options)) {","    options = {};","  }","","  debug('  Response validation: %s', options.validateResponse === true ? 'enabled' : 'disabled');","","  return function swaggerValidator (req, res, next) {","    var operation = req.swagger ? req.swagger.operation : undefined;","    var paramIndex = 0;","    var swaggerVersion = req.swagger ? req.swagger.swaggerVersion : undefined;","    var paramName; // Here since we use it in the catch block","    var paramPath; // Here since we use it in the catch block","","    debug('%s %s', req.method, req.url);","    debug('  Will process: %s', _.isUndefined(operation) ? 'no' : 'yes');","","    if (!_.isUndefined(operation)) {","      // If necessary, override 'res.end'","      if (options.validateResponse === true) {","        wrapEnd(req, res, next);","      }","","      debug('  Request validation:');","","      // Validate the request","      try {","        // Validate the content type","        validators.validateContentType(req.swagger.swaggerVersion === '1.2' ?","                                         req.swagger.api.consumes :","                                         req.swagger.swaggerObject.consumes,","                                       operation.consumes, req);","","        async.map(swaggerVersion === '1.2' ?","                  operation.parameters :","                  req.swagger.operationParameters, function (parameter, oCallback) {","                    var schema = swaggerVersion === '1.2' ? parameter : parameter.schema;","                    var val;","","                    paramName = schema.name;","                    paramPath = swaggerVersion === '1.2' ?","                      req.swagger.operationPath.concat(['params', paramIndex.toString()]) :","                      parameter.path;","                    val = req.swagger.params[paramName].value;","","                    // Validate requiredness","                    validators.validateRequiredness(val, schema.required);","","                    // Quick return if the value is not present","                    if (_.isUndefined(val)) {","                      return oCallback();","                    }","","                    validateValue(req, schema, paramPath, val, oCallback);","","                    paramIndex++;","                  }, function (err) {","                    if (err) {","                      throw err;","                    } else {","                      debug('    Validation: succeeded');","","                      return next();","                    }","                  });","      } catch (err) {","        if (err.failedValidation === true) {","          if (!err.path) {","            err.path = paramPath;","          }","","          err.paramName = paramName;","        }","","        debug('    Validation: failed');","","        mHelpers.debugError(err, debug);","","        return send400(req, res, next, err);","      }","    } else {","      return next();","    }","  };","};",""],"l":{"27":1,"28":1,"29":1,"30":1,"31":1,"32":1,"34":1,"36":0,"37":0,"40":0,"41":0,"43":0,"44":0,"45":0,"47":0,"50":0,"53":0,"56":1,"57":0,"58":0,"60":0,"63":0,"64":0,"65":0,"67":0,"75":0,"76":0,"78":0,"81":0,"87":0,"89":0,"93":0,"95":0,"98":0,"102":0,"105":0,"108":0,"110":1,"111":0,"112":0,"113":0,"114":0,"116":0,"118":0,"119":0,"121":0,"124":0,"125":0,"126":0,"127":0,"129":0,"130":0,"132":0,"136":0,"137":0,"138":0,"142":0,"143":0,"145":0,"147":0,"151":0,"152":0,"153":0,"154":0,"156":0,"157":0,"158":0,"159":0,"161":0,"166":0,"169":0,"172":1,"173":0,"174":0,"175":0,"176":0,"178":0,"179":0,"180":0,"181":0,"184":0,"186":0,"189":0,"190":0,"194":0,"195":0,"196":0,"199":0,"201":0,"202":0,"207":0,"209":0,"212":0,"213":0,"214":0,"215":0,"216":0,"217":0,"218":0,"220":0,"222":0,"226":0,"227":0,"230":0,"231":0,"232":0,"234":0,"236":0,"240":0,"241":0,"242":0,"244":0,"249":0,"251":0,"252":0,"254":0,"255":0,"256":0,"259":0,"263":0,"264":0,"265":0,"267":0,"269":0,"272":0,"288":1,"289":0,"291":0,"292":0,"295":0,"297":0,"298":0,"299":0,"300":0,"301":0,"302":0,"304":0,"305":0,"307":0,"309":0,"310":0,"313":0,"316":0,"318":0,"323":0,"326":0,"327":0,"329":0,"330":0,"333":0,"336":0,"339":0,"340":0,"343":0,"345":0,"347":0,"348":0,"350":0,"352":0,"356":0,"357":0,"358":0,"361":0,"364":0,"366":0,"368":0,"371":0}}}